{"K:\\yt_extension\\yt_transcriber\\src\\ai\\providers\\gemini.ts": {"path":"K:\\yt_extension\\yt_transcriber\\src\\ai\\providers\\gemini.ts","statementMap":{"0":{"start":{"line":10,"column":29},"end":{"line":20,"column":null}},"1":{"start":{"line":29,"column":17},"end":{"line":29,"column":null}},"2":{"start":{"line":29,"column":43},"end":{"line":29,"column":62}},"3":{"start":{"line":30,"column":15},"end":{"line":33,"column":null}},"4":{"start":{"line":31,"column":19},"end":{"line":31,"column":36}},"5":{"start":{"line":32,"column":16},"end":{"line":32,"column":25}},"6":{"start":{"line":37,"column":14},"end":{"line":37,"column":null}},"7":{"start":{"line":38,"column":14},"end":{"line":53,"column":null}},"8":{"start":{"line":55,"column":2},"end":{"line":57,"column":null}},"9":{"start":{"line":56,"column":4},"end":{"line":56,"column":null}},"10":{"start":{"line":56,"column":64},"end":{"line":56,"column":66}},"11":{"start":{"line":58,"column":17},"end":{"line":58,"column":null}},"12":{"start":{"line":59,"column":2},"end":{"line":64,"column":null}},"13":{"start":{"line":60,"column":4},"end":{"line":63,"column":null}},"14":{"start":{"line":65,"column":2},"end":{"line":65,"column":null}},"15":{"start":{"line":65,"column":61},"end":{"line":65,"column":67}}},"fnMap":{"0":{"name":"geminiGenerate","decl":{"start":{"line":22,"column":22},"end":{"line":22,"column":37}},"loc":{"start":{"line":28,"column":20},"end":{"line":66,"column":null}},"line":28},"1":{"name":"(anonymous_1)","decl":{"start":{"line":29,"column":31},"end":{"line":29,"column":37}},"loc":{"start":{"line":29,"column":43},"end":{"line":29,"column":62}},"line":29},"2":{"name":"(anonymous_2)","decl":{"start":{"line":31,"column":5},"end":{"line":31,"column":13}},"loc":{"start":{"line":31,"column":19},"end":{"line":31,"column":36}},"line":31},"3":{"name":"(anonymous_3)","decl":{"start":{"line":32,"column":5},"end":{"line":32,"column":10}},"loc":{"start":{"line":32,"column":16},"end":{"line":32,"column":25}},"line":32},"4":{"name":"(anonymous_4)","decl":{"start":{"line":56,"column":52},"end":{"line":56,"column":64}},"loc":{"start":{"line":56,"column":64},"end":{"line":56,"column":66}},"line":56},"5":{"name":"(anonymous_5)","decl":{"start":{"line":65,"column":50},"end":{"line":65,"column":55}},"loc":{"start":{"line":65,"column":61},"end":{"line":65,"column":67}},"line":65}},"branchMap":{"0":{"loc":{"start":{"line":46,"column":10},"end":{"line":46,"column":null}},"type":"cond-expr","locations":[{"start":{"line":46,"column":19},"end":{"line":46,"column":74}},{"start":{"line":46,"column":74},"end":{"line":46,"column":null}}],"line":46},"1":{"loc":{"start":{"line":48,"column":25},"end":{"line":48,"column":null}},"type":"binary-expr","locations":[{"start":{"line":48,"column":25},"end":{"line":48,"column":43}},{"start":{"line":48,"column":43},"end":{"line":48,"column":null}}],"line":48},"2":{"loc":{"start":{"line":55,"column":2},"end":{"line":57,"column":null}},"type":"if","locations":[{"start":{"line":55,"column":2},"end":{"line":57,"column":null}},{"start":{},"end":{}}],"line":55},"3":{"loc":{"start":{"line":59,"column":2},"end":{"line":64,"column":null}},"type":"if","locations":[{"start":{"line":59,"column":2},"end":{"line":64,"column":null}},{"start":{},"end":{}}],"line":59}},"s":{"0":1,"1":1,"2":1,"3":1,"4":1,"5":1,"6":1,"7":1,"8":1,"9":0,"10":0,"11":1,"12":1,"13":0,"14":1,"15":1},"f":{"0":1,"1":1,"2":1,"3":1,"4":0,"5":1},"b":{"0":[0,1],"1":[1,1],"2":[0,1],"3":[0,1]},"meta":{"lastBranch":4,"lastFunction":6,"lastStatement":16,"seen":{"s:10:29:20:Infinity":0,"f:22:22:22:37":0,"s:29:17:29:Infinity":1,"f:29:31:29:37":1,"s:29:43:29:62":2,"s:30:15:33:Infinity":3,"f:31:5:31:13":2,"s:31:19:31:36":4,"f:32:5:32:10":3,"s:32:16:32:25":5,"s:37:14:37:Infinity":6,"s:38:14:53:Infinity":7,"b:46:19:46:74:46:74:46:Infinity":0,"b:48:25:48:43:48:43:48:Infinity":1,"b:55:2:57:Infinity:undefined:undefined:undefined:undefined":2,"s:55:2:57:Infinity":8,"s:56:4:56:Infinity":9,"f:56:52:56:64":4,"s:56:64:56:66":10,"s:58:17:58:Infinity":11,"b:59:2:64:Infinity:undefined:undefined:undefined:undefined":3,"s:59:2:64:Infinity":12,"s:60:4:63:Infinity":13,"s:65:2:65:Infinity":14,"f:65:50:65:55":5,"s:65:61:65:67":15},"fnNames":{}}}
,"K:\\yt_extension\\yt_transcriber\\src\\ai\\providers\\openai-compat.ts": {"path":"K:\\yt_extension\\yt_transcriber\\src\\ai\\providers\\openai-compat.ts","statementMap":{"0":{"start":{"line":10,"column":27},"end":{"line":18,"column":null}},"1":{"start":{"line":27,"column":42},"end":{"line":29,"column":null}},"2":{"start":{"line":30,"column":2},"end":{"line":30,"column":null}},"3":{"start":{"line":30,"column":19},"end":{"line":30,"column":null}},"4":{"start":{"line":32,"column":14},"end":{"line":42,"column":null}},"5":{"start":{"line":44,"column":2},"end":{"line":46,"column":null}},"6":{"start":{"line":45,"column":4},"end":{"line":45,"column":null}},"7":{"start":{"line":47,"column":17},"end":{"line":47,"column":null}},"8":{"start":{"line":48,"column":2},"end":{"line":53,"column":null}},"9":{"start":{"line":49,"column":4},"end":{"line":52,"column":null}},"10":{"start":{"line":54,"column":18},"end":{"line":54,"column":null}},"11":{"start":{"line":55,"column":2},"end":{"line":59,"column":null}},"12":{"start":{"line":56,"column":4},"end":{"line":59,"column":null}},"13":{"start":{"line":60,"column":2},"end":{"line":60,"column":null}},"14":{"start":{"line":64,"column":2},"end":{"line":68,"column":null}},"15":{"start":{"line":65,"column":4},"end":{"line":65,"column":null}},"16":{"start":{"line":67,"column":4},"end":{"line":67,"column":null}},"17":{"start":{"line":73,"column":2},"end":{"line":112,"column":null}},"18":{"start":{"line":76,"column":6},"end":{"line":80,"column":null}},"19":{"start":{"line":82,"column":6},"end":{"line":87,"column":null}},"20":{"start":{"line":89,"column":6},"end":{"line":95,"column":null}},"21":{"start":{"line":90,"column":8},"end":{"line":94,"column":null}},"22":{"start":{"line":96,"column":6},"end":{"line":99,"column":null}},"23":{"start":{"line":101,"column":6},"end":{"line":105,"column":null}},"24":{"start":{"line":107,"column":6},"end":{"line":111,"column":null}}},"fnMap":{"0":{"name":"chatCompletion","decl":{"start":{"line":20,"column":22},"end":{"line":20,"column":37}},"loc":{"start":{"line":26,"column":20},"end":{"line":61,"column":null}},"line":26},"1":{"name":"safeBody","decl":{"start":{"line":63,"column":15},"end":{"line":63,"column":24}},"loc":{"start":{"line":63,"column":56},"end":{"line":69,"column":null}},"line":63},"2":{"name":"mapHttpError","decl":{"start":{"line":72,"column":16},"end":{"line":72,"column":29}},"loc":{"start":{"line":72,"column":69},"end":{"line":113,"column":null}},"line":72}},"branchMap":{"0":{"loc":{"start":{"line":30,"column":2},"end":{"line":30,"column":null}},"type":"if","locations":[{"start":{"line":30,"column":2},"end":{"line":30,"column":null}},{"start":{},"end":{}}],"line":30},"1":{"loc":{"start":{"line":38,"column":18},"end":{"line":38,"column":null}},"type":"binary-expr","locations":[{"start":{"line":38,"column":18},"end":{"line":38,"column":36}},{"start":{"line":38,"column":36},"end":{"line":38,"column":null}}],"line":38},"2":{"loc":{"start":{"line":44,"column":2},"end":{"line":46,"column":null}},"type":"if","locations":[{"start":{"line":44,"column":2},"end":{"line":46,"column":null}},{"start":{},"end":{}}],"line":44},"3":{"loc":{"start":{"line":48,"column":2},"end":{"line":53,"column":null}},"type":"if","locations":[{"start":{"line":48,"column":2},"end":{"line":53,"column":null}},{"start":{},"end":{}}],"line":48},"4":{"loc":{"start":{"line":55,"column":2},"end":{"line":59,"column":null}},"type":"if","locations":[{"start":{"line":55,"column":2},"end":{"line":59,"column":null}},{"start":{},"end":{}}],"line":55},"5":{"loc":{"start":{"line":73,"column":2},"end":{"line":112,"column":null}},"type":"switch","locations":[{"start":{"line":74,"column":4},"end":{"line":74,"column":null}},{"start":{"line":75,"column":4},"end":{"line":80,"column":null}},{"start":{"line":81,"column":4},"end":{"line":87,"column":null}},{"start":{"line":88,"column":4},"end":{"line":99,"column":null}},{"start":{"line":100,"column":4},"end":{"line":105,"column":null}},{"start":{"line":106,"column":4},"end":{"line":111,"column":null}}],"line":73},"6":{"loc":{"start":{"line":89,"column":6},"end":{"line":95,"column":null}},"type":"if","locations":[{"start":{"line":89,"column":6},"end":{"line":95,"column":null}},{"start":{},"end":{}}],"line":89}},"s":{"0":1,"1":0,"2":0,"3":0,"4":0,"5":0,"6":0,"7":0,"8":0,"9":0,"10":0,"11":0,"12":0,"13":0,"14":0,"15":0,"16":0,"17":0,"18":0,"19":0,"20":0,"21":0,"22":0,"23":0,"24":0},"f":{"0":0,"1":0,"2":0},"b":{"0":[0,0],"1":[0,0],"2":[0,0],"3":[0,0],"4":[0,0],"5":[0,0,0,0,0,0],"6":[0,0]},"meta":{"lastBranch":7,"lastFunction":3,"lastStatement":25,"seen":{"s:10:27:18:Infinity":0,"f:20:22:20:37":0,"s:27:42:29:Infinity":1,"b:30:2:30:Infinity:undefined:undefined:undefined:undefined":0,"s:30:2:30:Infinity":2,"s:30:19:30:Infinity":3,"s:32:14:42:Infinity":4,"b:38:18:38:36:38:36:38:Infinity":1,"b:44:2:46:Infinity:undefined:undefined:undefined:undefined":2,"s:44:2:46:Infinity":5,"s:45:4:45:Infinity":6,"s:47:17:47:Infinity":7,"b:48:2:53:Infinity:undefined:undefined:undefined:undefined":3,"s:48:2:53:Infinity":8,"s:49:4:52:Infinity":9,"s:54:18:54:Infinity":10,"b:55:2:59:Infinity:undefined:undefined:undefined:undefined":4,"s:55:2:59:Infinity":11,"s:56:4:59:Infinity":12,"s:60:2:60:Infinity":13,"f:63:15:63:24":1,"s:64:2:68:Infinity":14,"s:65:4:65:Infinity":15,"s:67:4:67:Infinity":16,"f:72:16:72:29":2,"b:74:4:74:Infinity:75:4:80:Infinity:81:4:87:Infinity:88:4:99:Infinity:100:4:105:Infinity:106:4:111:Infinity":5,"s:73:2:112:Infinity":17,"s:76:6:80:Infinity":18,"s:82:6:87:Infinity":19,"b:89:6:95:Infinity:undefined:undefined:undefined:undefined":6,"s:89:6:95:Infinity":20,"s:90:8:94:Infinity":21,"s:96:6:99:Infinity":22,"s:101:6:105:Infinity":23,"s:107:6:111:Infinity":24},"fnNames":{}}}
,"K:\\yt_extension\\yt_transcriber\\src\\core\\errors.ts": {"path":"K:\\yt_extension\\yt_transcriber\\src\\core\\errors.ts","statementMap":{"0":{"start":{"line":50,"column":4},"end":{"line":50,"column":null}},"1":{"start":{"line":51,"column":4},"end":{"line":51,"column":null}},"2":{"start":{"line":52,"column":4},"end":{"line":52,"column":null}},"3":{"start":{"line":53,"column":4},"end":{"line":53,"column":null}},"4":{"start":{"line":54,"column":4},"end":{"line":54,"column":null}},"5":{"start":{"line":55,"column":4},"end":{"line":55,"column":null}},"6":{"start":{"line":60,"column":4},"end":{"line":66,"column":null}},"7":{"start":{"line":72,"column":2},"end":{"line":72,"column":null}},"8":{"start":{"line":72,"column":31},"end":{"line":72,"column":null}},"9":{"start":{"line":73,"column":2},"end":{"line":79,"column":null}},"10":{"start":{"line":74,"column":4},"end":{"line":78,"column":null}},"11":{"start":{"line":80,"column":2},"end":{"line":83,"column":null}}},"fnMap":{"0":{"name":"constructor","decl":{"start":{"line":42,"column":2},"end":{"line":42,"column":14}},"loc":{"start":{"line":49,"column":5},"end":{"line":56,"column":null}},"line":49},"1":{"name":"toJSON","decl":{"start":{"line":59,"column":2},"end":{"line":59,"column":36}},"loc":{"start":{"line":59,"column":36},"end":{"line":67,"column":null}},"line":59},"2":{"name":"toAppError","decl":{"start":{"line":71,"column":16},"end":{"line":71,"column":27}},"loc":{"start":{"line":71,"column":51},"end":{"line":84,"column":null}},"line":71}},"branchMap":{"0":{"loc":{"start":{"line":53,"column":21},"end":{"line":53,"column":null}},"type":"binary-expr","locations":[{"start":{"line":53,"column":21},"end":{"line":53,"column":39}},{"start":{"line":53,"column":39},"end":{"line":53,"column":null}}],"line":53},"1":{"loc":{"start":{"line":54,"column":26},"end":{"line":54,"column":null}},"type":"binary-expr","locations":[{"start":{"line":54,"column":26},"end":{"line":54,"column":49}},{"start":{"line":54,"column":49},"end":{"line":54,"column":null}}],"line":54},"2":{"loc":{"start":{"line":55,"column":19},"end":{"line":55,"column":null}},"type":"binary-expr","locations":[{"start":{"line":55,"column":19},"end":{"line":55,"column":35}},{"start":{"line":55,"column":35},"end":{"line":55,"column":null}}],"line":55},"3":{"loc":{"start":{"line":72,"column":2},"end":{"line":72,"column":null}},"type":"if","locations":[{"start":{"line":72,"column":2},"end":{"line":72,"column":null}},{"start":{},"end":{}}],"line":72},"4":{"loc":{"start":{"line":73,"column":2},"end":{"line":79,"column":null}},"type":"if","locations":[{"start":{"line":73,"column":2},"end":{"line":79,"column":null}},{"start":{},"end":{}}],"line":73}},"s":{"0":3,"1":3,"2":3,"3":3,"4":3,"5":3,"6":1,"7":0,"8":0,"9":0,"10":0,"11":0},"f":{"0":3,"1":1,"2":0},"b":{"0":[3,2],"1":[3,3],"2":[3,2],"3":[0,0],"4":[0,0]},"meta":{"lastBranch":5,"lastFunction":3,"lastStatement":12,"seen":{"f:42:2:42:14":0,"s:50:4:50:Infinity":0,"s:51:4:51:Infinity":1,"s:52:4:52:Infinity":2,"s:53:4:53:Infinity":3,"b:53:21:53:39:53:39:53:Infinity":0,"s:54:4:54:Infinity":4,"b:54:26:54:49:54:49:54:Infinity":1,"s:55:4:55:Infinity":5,"b:55:19:55:35:55:35:55:Infinity":2,"f:59:2:59:36":1,"s:60:4:66:Infinity":6,"f:71:16:71:27":2,"b:72:2:72:Infinity:undefined:undefined:undefined:undefined":3,"s:72:2:72:Infinity":7,"s:72:31:72:Infinity":8,"b:73:2:79:Infinity:undefined:undefined:undefined:undefined":4,"s:73:2:79:Infinity":9,"s:74:4:78:Infinity":10,"s:80:2:83:Infinity":11},"fnNames":{}}}
,"K:\\yt_extension\\yt_transcriber\\src\\core\\export.ts": {"path":"K:\\yt_extension\\yt_transcriber\\src\\core\\export.ts","statementMap":{"0":{"start":{"line":9,"column":23},"end":{"line":9,"column":null}},"1":{"start":{"line":10,"column":16},"end":{"line":10,"column":null}},"2":{"start":{"line":11,"column":18},"end":{"line":11,"column":null}},"3":{"start":{"line":12,"column":18},"end":{"line":12,"column":null}},"4":{"start":{"line":14,"column":2},"end":{"line":16,"column":null}},"5":{"start":{"line":15,"column":4},"end":{"line":15,"column":null}},"6":{"start":{"line":17,"column":2},"end":{"line":17,"column":null}},"7":{"start":{"line":22,"column":16},"end":{"line":22,"column":null}},"8":{"start":{"line":23,"column":18},"end":{"line":23,"column":null}},"9":{"start":{"line":24,"column":18},"end":{"line":24,"column":null}},"10":{"start":{"line":25,"column":17},"end":{"line":25,"column":null}},"11":{"start":{"line":26,"column":2},"end":{"line":26,"column":null}},"12":{"start":{"line":31,"column":16},"end":{"line":31,"column":null}},"13":{"start":{"line":32,"column":18},"end":{"line":32,"column":null}},"14":{"start":{"line":33,"column":18},"end":{"line":33,"column":null}},"15":{"start":{"line":34,"column":17},"end":{"line":34,"column":null}},"16":{"start":{"line":35,"column":2},"end":{"line":35,"column":null}},"17":{"start":{"line":39,"column":2},"end":{"line":39,"column":null}},"18":{"start":{"line":43,"column":2},"end":{"line":43,"column":null}},"19":{"start":{"line":48,"column":18},"end":{"line":48,"column":null}},"20":{"start":{"line":49,"column":2},"end":{"line":49,"column":null}},"21":{"start":{"line":54,"column":17},"end":{"line":54,"column":null}},"22":{"start":{"line":55,"column":15},"end":{"line":57,"column":null}},"23":{"start":{"line":56,"column":16},"end":{"line":56,"column":59}},"24":{"start":{"line":58,"column":2},"end":{"line":58,"column":null}},"25":{"start":{"line":63,"column":18},"end":{"line":63,"column":null}},"26":{"start":{"line":64,"column":17},"end":{"line":77,"column":null}},"27":{"start":{"line":79,"column":21},"end":{"line":79,"column":null}},"28":{"start":{"line":80,"column":15},"end":{"line":85,"column":null}},"29":{"start":{"line":82,"column":18},"end":{"line":82,"column":null}},"30":{"start":{"line":83,"column":6},"end":{"line":83,"column":null}},"31":{"start":{"line":87,"column":2},"end":{"line":87,"column":null}},"32":{"start":{"line":92,"column":2},"end":{"line":96,"column":null}},"33":{"start":{"line":94,"column":6},"end":{"line":94,"column":null}},"34":{"start":{"line":101,"column":17},"end":{"line":101,"column":null}},"35":{"start":{"line":102,"column":15},"end":{"line":106,"column":null}},"36":{"start":{"line":104,"column":6},"end":{"line":104,"column":null}},"37":{"start":{"line":107,"column":2},"end":{"line":107,"column":null}},"38":{"start":{"line":112,"column":2},"end":{"line":112,"column":null}},"39":{"start":{"line":121,"column":15},"end":{"line":124,"column":null}},"40":{"start":{"line":125,"column":2},"end":{"line":125,"column":null}},"41":{"start":{"line":130,"column":2},"end":{"line":130,"column":null}},"42":{"start":{"line":130,"column":29},"end":{"line":130,"column":35}},"43":{"start":{"line":136,"column":2},"end":{"line":138,"column":null}},"44":{"start":{"line":137,"column":16},"end":{"line":137,"column":59}}},"fnMap":{"0":{"name":"formatTimestamp","decl":{"start":{"line":8,"column":16},"end":{"line":8,"column":32}},"loc":{"start":{"line":8,"column":52},"end":{"line":18,"column":null}},"line":8},"1":{"name":"formatSrtTime","decl":{"start":{"line":21,"column":9},"end":{"line":21,"column":23}},"loc":{"start":{"line":21,"column":43},"end":{"line":27,"column":null}},"line":21},"2":{"name":"formatVttTime","decl":{"start":{"line":30,"column":9},"end":{"line":30,"column":23}},"loc":{"start":{"line":30,"column":43},"end":{"line":36,"column":null}},"line":30},"3":{"name":"pad2","decl":{"start":{"line":38,"column":9},"end":{"line":38,"column":14}},"loc":{"start":{"line":38,"column":33},"end":{"line":40,"column":null}},"line":38},"4":{"name":"pad3","decl":{"start":{"line":42,"column":9},"end":{"line":42,"column":14}},"loc":{"start":{"line":42,"column":33},"end":{"line":44,"column":null}},"line":42},"5":{"name":"makeYouTubeTimestampUrl","decl":{"start":{"line":47,"column":16},"end":{"line":47,"column":40}},"loc":{"start":{"line":47,"column":77},"end":{"line":50,"column":null}},"line":47},"6":{"name":"exportTxt","decl":{"start":{"line":53,"column":16},"end":{"line":53,"column":26}},"loc":{"start":{"line":53,"column":58},"end":{"line":59,"column":null}},"line":53},"7":{"name":"(anonymous_7)","decl":{"start":{"line":56,"column":5},"end":{"line":56,"column":10}},"loc":{"start":{"line":56,"column":16},"end":{"line":56,"column":59}},"line":56},"8":{"name":"exportMarkdown","decl":{"start":{"line":62,"column":16},"end":{"line":62,"column":31}},"loc":{"start":{"line":62,"column":63},"end":{"line":88,"column":null}},"line":62},"9":{"name":"(anonymous_9)","decl":{"start":{"line":81,"column":5},"end":{"line":81,"column":10}},"loc":{"start":{"line":81,"column":16},"end":{"line":84,"column":5}},"line":81},"10":{"name":"exportSrt","decl":{"start":{"line":91,"column":16},"end":{"line":91,"column":26}},"loc":{"start":{"line":91,"column":74},"end":{"line":97,"column":null}},"line":91},"11":{"name":"(anonymous_11)","decl":{"start":{"line":93,"column":5},"end":{"line":93,"column":10}},"loc":{"start":{"line":93,"column":19},"end":{"line":95,"column":5}},"line":93},"12":{"name":"exportVtt","decl":{"start":{"line":100,"column":16},"end":{"line":100,"column":26}},"loc":{"start":{"line":100,"column":74},"end":{"line":108,"column":null}},"line":100},"13":{"name":"(anonymous_13)","decl":{"start":{"line":103,"column":5},"end":{"line":103,"column":10}},"loc":{"start":{"line":103,"column":16},"end":{"line":105,"column":5}},"line":103},"14":{"name":"exportJson","decl":{"start":{"line":111,"column":16},"end":{"line":111,"column":27}},"loc":{"start":{"line":111,"column":59},"end":{"line":113,"column":null}},"line":111},"15":{"name":"makeExportFilename","decl":{"start":{"line":116,"column":16},"end":{"line":116,"column":null}},"loc":{"start":{"line":120,"column":10},"end":{"line":126,"column":null}},"line":120},"16":{"name":"copyPlainText","decl":{"start":{"line":129,"column":16},"end":{"line":129,"column":30}},"loc":{"start":{"line":129,"column":78},"end":{"line":131,"column":null}},"line":129},"17":{"name":"(anonymous_17)","decl":{"start":{"line":130,"column":18},"end":{"line":130,"column":23}},"loc":{"start":{"line":130,"column":29},"end":{"line":130,"column":35}},"line":130},"18":{"name":"copyWithTimestamps","decl":{"start":{"line":133,"column":16},"end":{"line":133,"column":null}},"loc":{"start":{"line":135,"column":10},"end":{"line":139,"column":null}},"line":135},"19":{"name":"(anonymous_19)","decl":{"start":{"line":137,"column":5},"end":{"line":137,"column":10}},"loc":{"start":{"line":137,"column":16},"end":{"line":137,"column":59}},"line":137}},"branchMap":{"0":{"loc":{"start":{"line":14,"column":2},"end":{"line":16,"column":null}},"type":"if","locations":[{"start":{"line":14,"column":2},"end":{"line":16,"column":null}},{"start":{},"end":{}}],"line":14},"1":{"loc":{"start":{"line":69,"column":4},"end":{"line":71,"column":null}},"type":"cond-expr","locations":[{"start":{"line":70,"column":8},"end":{"line":70,"column":null}},{"start":{"line":71,"column":8},"end":{"line":71,"column":null}}],"line":69}},"s":{"0":9,"1":9,"2":9,"3":9,"4":9,"5":1,"6":8,"7":4,"8":4,"9":4,"10":4,"11":4,"12":4,"13":4,"14":4,"15":4,"16":4,"17":34,"18":8,"19":2,"20":2,"21":1,"22":1,"23":2,"24":1,"25":1,"26":1,"27":1,"28":1,"29":1,"30":1,"31":1,"32":1,"33":2,"34":1,"35":1,"36":2,"37":1,"38":1,"39":2,"40":2,"41":1,"42":2,"43":1,"44":2},"f":{"0":9,"1":4,"2":4,"3":34,"4":8,"5":2,"6":1,"7":2,"8":1,"9":1,"10":1,"11":2,"12":1,"13":2,"14":1,"15":2,"16":1,"17":2,"18":1,"19":2},"b":{"0":[1,8],"1":[1,0]},"meta":{"lastBranch":2,"lastFunction":20,"lastStatement":45,"seen":{"f:8:16:8:32":0,"s:9:23:9:Infinity":0,"s:10:16:10:Infinity":1,"s:11:18:11:Infinity":2,"s:12:18:12:Infinity":3,"b:14:2:16:Infinity:undefined:undefined:undefined:undefined":0,"s:14:2:16:Infinity":4,"s:15:4:15:Infinity":5,"s:17:2:17:Infinity":6,"f:21:9:21:23":1,"s:22:16:22:Infinity":7,"s:23:18:23:Infinity":8,"s:24:18:24:Infinity":9,"s:25:17:25:Infinity":10,"s:26:2:26:Infinity":11,"f:30:9:30:23":2,"s:31:16:31:Infinity":12,"s:32:18:32:Infinity":13,"s:33:18:33:Infinity":14,"s:34:17:34:Infinity":15,"s:35:2:35:Infinity":16,"f:38:9:38:14":3,"s:39:2:39:Infinity":17,"f:42:9:42:14":4,"s:43:2:43:Infinity":18,"f:47:16:47:40":5,"s:48:18:48:Infinity":19,"s:49:2:49:Infinity":20,"f:53:16:53:26":6,"s:54:17:54:Infinity":21,"s:55:15:57:Infinity":22,"f:56:5:56:10":7,"s:56:16:56:59":23,"s:58:2:58:Infinity":24,"f:62:16:62:31":8,"s:63:18:63:Infinity":25,"s:64:17:77:Infinity":26,"b:70:8:70:Infinity:71:8:71:Infinity":1,"s:79:21:79:Infinity":27,"s:80:15:85:Infinity":28,"f:81:5:81:10":9,"s:82:18:82:Infinity":29,"s:83:6:83:Infinity":30,"s:87:2:87:Infinity":31,"f:91:16:91:26":10,"s:92:2:96:Infinity":32,"f:93:5:93:10":11,"s:94:6:94:Infinity":33,"f:100:16:100:26":12,"s:101:17:101:Infinity":34,"s:102:15:106:Infinity":35,"f:103:5:103:10":13,"s:104:6:104:Infinity":36,"s:107:2:107:Infinity":37,"f:111:16:111:27":14,"s:112:2:112:Infinity":38,"f:116:16:116:Infinity":15,"s:121:15:124:Infinity":39,"s:125:2:125:Infinity":40,"f:129:16:129:30":16,"s:130:2:130:Infinity":41,"f:130:18:130:23":17,"s:130:29:130:35":42,"f:133:16:133:Infinity":18,"s:136:2:138:Infinity":43,"f:137:5:137:10":19,"s:137:16:137:59":44},"fnNames":{}}}
,"K:\\yt_extension\\yt_transcriber\\src\\core\\hash.ts": {"path":"K:\\yt_extension\\yt_transcriber\\src\\core\\hash.ts","statementMap":{"0":{"start":{"line":9,"column":13},"end":{"line":9,"column":null}},"1":{"start":{"line":10,"column":2},"end":{"line":13,"column":null}},"2":{"start":{"line":10,"column":15},"end":{"line":10,"column":18}},"3":{"start":{"line":11,"column":4},"end":{"line":11,"column":null}},"4":{"start":{"line":12,"column":4},"end":{"line":12,"column":null}},"5":{"start":{"line":14,"column":2},"end":{"line":14,"column":null}},"6":{"start":{"line":21,"column":2},"end":{"line":21,"column":null}},"7":{"start":{"line":21,"column":29},"end":{"line":21,"column":35}}},"fnMap":{"0":{"name":"hashText","decl":{"start":{"line":8,"column":16},"end":{"line":8,"column":25}},"loc":{"start":{"line":8,"column":47},"end":{"line":15,"column":null}},"line":8},"1":{"name":"segmentsToText","decl":{"start":{"line":20,"column":16},"end":{"line":20,"column":31}},"loc":{"start":{"line":20,"column":78},"end":{"line":22,"column":null}},"line":20},"2":{"name":"(anonymous_2)","decl":{"start":{"line":21,"column":18},"end":{"line":21,"column":23}},"loc":{"start":{"line":21,"column":29},"end":{"line":21,"column":35}},"line":21}},"branchMap":{},"s":{"0":4,"1":4,"2":4,"3":12,"4":12,"5":4,"6":1,"7":2},"f":{"0":4,"1":1,"2":2},"b":{},"meta":{"lastBranch":0,"lastFunction":3,"lastStatement":8,"seen":{"f:8:16:8:25":0,"s:9:13:9:Infinity":0,"s:10:2:13:Infinity":1,"s:10:15:10:18":2,"s:11:4:11:Infinity":3,"s:12:4:12:Infinity":4,"s:14:2:14:Infinity":5,"f:20:16:20:31":1,"s:21:2:21:Infinity":6,"f:21:18:21:23":2,"s:21:29:21:35":7},"fnNames":{}}}
,"K:\\yt_extension\\yt_transcriber\\src\\core\\i18n.ts": {"path":"K:\\yt_extension\\yt_transcriber\\src\\core\\i18n.ts","statementMap":{"0":{"start":{"line":10,"column":2},"end":{"line":10,"column":null}},"1":{"start":{"line":13,"column":24},"end":{"line":357,"column":null}},"2":{"start":{"line":369,"column":14},"end":{"line":369,"column":null}},"3":{"start":{"line":370,"column":2},"end":{"line":370,"column":null}},"4":{"start":{"line":370,"column":15},"end":{"line":370,"column":null}},"5":{"start":{"line":372,"column":2},"end":{"line":375,"column":null}},"6":{"start":{"line":373,"column":24},"end":{"line":373,"column":null}}},"fnMap":{"0":{"name":"getDirection","decl":{"start":{"line":9,"column":16},"end":{"line":9,"column":29}},"loc":{"start":{"line":9,"column":56},"end":{"line":11,"column":null}},"line":9},"1":{"name":"t","decl":{"start":{"line":364,"column":16},"end":{"line":364,"column":null}},"loc":{"start":{"line":368,"column":10},"end":{"line":376,"column":null}},"line":368},"2":{"name":"(anonymous_2)","decl":{"start":{"line":372,"column":32},"end":{"line":372,"column":null}},"loc":{"start":{"line":373,"column":24},"end":{"line":373,"column":null}},"line":373}},"branchMap":{"0":{"loc":{"start":{"line":10,"column":9},"end":{"line":10,"column":null}},"type":"cond-expr","locations":[{"start":{"line":10,"column":27},"end":{"line":10,"column":35}},{"start":{"line":10,"column":35},"end":{"line":10,"column":null}}],"line":10},"1":{"loc":{"start":{"line":369,"column":14},"end":{"line":369,"column":null}},"type":"binary-expr","locations":[{"start":{"line":369,"column":14},"end":{"line":369,"column":39}},{"start":{"line":369,"column":39},"end":{"line":369,"column":59}},{"start":{"line":369,"column":59},"end":{"line":369,"column":null}}],"line":369},"2":{"loc":{"start":{"line":370,"column":2},"end":{"line":370,"column":null}},"type":"if","locations":[{"start":{"line":370,"column":2},"end":{"line":370,"column":null}},{"start":{},"end":{}}],"line":370}},"s":{"0":2,"1":1,"2":1,"3":1,"4":0,"5":1,"6":1},"f":{"0":2,"1":1,"2":1},"b":{"0":[1,1],"1":[1,0,0],"2":[0,1]},"meta":{"lastBranch":3,"lastFunction":3,"lastStatement":7,"seen":{"f:9:16:9:29":0,"s:10:2:10:Infinity":0,"b:10:27:10:35:10:35:10:Infinity":0,"s:13:24:357:Infinity":1,"f:364:16:364:Infinity":1,"s:369:14:369:Infinity":2,"b:369:14:369:39:369:39:369:59:369:59:369:Infinity":1,"b:370:2:370:Infinity:undefined:undefined:undefined:undefined":2,"s:370:2:370:Infinity":3,"s:370:15:370:Infinity":4,"s:372:2:375:Infinity":5,"f:372:32:372:Infinity":2,"s:373:24:373:Infinity":6},"fnNames":{}}}
,"K:\\yt_extension\\yt_transcriber\\src\\core\\logger.ts": {"path":"K:\\yt_extension\\yt_transcriber\\src\\core\\logger.ts","statementMap":{"0":{"start":{"line":16,"column":18},"end":{"line":16,"column":null}},"1":{"start":{"line":19,"column":38},"end":{"line":19,"column":null}},"2":{"start":{"line":20,"column":25},"end":{"line":20,"column":null}},"3":{"start":{"line":23,"column":4},"end":{"line":23,"column":null}},"4":{"start":{"line":31,"column":4},"end":{"line":33,"column":null}},"5":{"start":{"line":32,"column":6},"end":{"line":32,"column":null}},"6":{"start":{"line":41,"column":4},"end":{"line":41,"column":null}},"7":{"start":{"line":49,"column":4},"end":{"line":49,"column":null}},"8":{"start":{"line":57,"column":4},"end":{"line":57,"column":null}},"9":{"start":{"line":62,"column":4},"end":{"line":62,"column":null}},"10":{"start":{"line":67,"column":4},"end":{"line":73,"column":null}},"11":{"start":{"line":69,"column":21},"end":{"line":69,"column":null}},"12":{"start":{"line":70,"column":20},"end":{"line":70,"column":null}},"13":{"start":{"line":71,"column":8},"end":{"line":71,"column":null}},"14":{"start":{"line":78,"column":4},"end":{"line":78,"column":null}},"15":{"start":{"line":87,"column":22},"end":{"line":87,"column":null}},"16":{"start":{"line":89,"column":28},"end":{"line":95,"column":null}},"17":{"start":{"line":97,"column":4},"end":{"line":99,"column":null}},"18":{"start":{"line":98,"column":6},"end":{"line":98,"column":null}},"19":{"start":{"line":100,"column":4},"end":{"line":100,"column":null}},"20":{"start":{"line":103,"column":4},"end":{"line":111,"column":null}},"21":{"start":{"line":105,"column":8},"end":{"line":109,"column":null}},"22":{"start":{"line":110,"column":6},"end":{"line":110,"column":null}},"23":{"start":{"line":116,"column":44},"end":{"line":116,"column":null}},"24":{"start":{"line":117,"column":4},"end":{"line":137,"column":null}},"25":{"start":{"line":118,"column":6},"end":{"line":136,"column":null}},"26":{"start":{"line":119,"column":8},"end":{"line":119,"column":null}},"27":{"start":{"line":120,"column":13},"end":{"line":136,"column":null}},"28":{"start":{"line":127,"column":8},"end":{"line":127,"column":null}},"29":{"start":{"line":128,"column":13},"end":{"line":136,"column":null}},"30":{"start":{"line":133,"column":8},"end":{"line":133,"column":null}},"31":{"start":{"line":135,"column":8},"end":{"line":135,"column":null}},"32":{"start":{"line":138,"column":4},"end":{"line":138,"column":null}},"33":{"start":{"line":143,"column":22},"end":{"line":143,"column":null}}},"fnMap":{"0":{"name":"setDebug","decl":{"start":{"line":22,"column":2},"end":{"line":22,"column":11}},"loc":{"start":{"line":22,"column":35},"end":{"line":24,"column":null}},"line":22},"1":{"name":"debug","decl":{"start":{"line":26,"column":2},"end":{"line":26,"column":null}},"loc":{"start":{"line":30,"column":10},"end":{"line":34,"column":null}},"line":30},"2":{"name":"info","decl":{"start":{"line":36,"column":2},"end":{"line":36,"column":null}},"loc":{"start":{"line":40,"column":10},"end":{"line":42,"column":null}},"line":40},"3":{"name":"warn","decl":{"start":{"line":44,"column":2},"end":{"line":44,"column":null}},"loc":{"start":{"line":48,"column":10},"end":{"line":50,"column":null}},"line":48},"4":{"name":"error","decl":{"start":{"line":52,"column":2},"end":{"line":52,"column":null}},"loc":{"start":{"line":56,"column":10},"end":{"line":58,"column":null}},"line":56},"5":{"name":"getEntries","decl":{"start":{"line":61,"column":2},"end":{"line":61,"column":36}},"loc":{"start":{"line":61,"column":36},"end":{"line":63,"column":null}},"line":61},"6":{"name":"getDiagnostics","decl":{"start":{"line":66,"column":2},"end":{"line":66,"column":27}},"loc":{"start":{"line":66,"column":27},"end":{"line":74,"column":null}},"line":66},"7":{"name":"(anonymous_7)","decl":{"start":{"line":68,"column":7},"end":{"line":68,"column":12}},"loc":{"start":{"line":68,"column":18},"end":{"line":72,"column":7}},"line":68},"8":{"name":"clear","decl":{"start":{"line":77,"column":2},"end":{"line":77,"column":16}},"loc":{"start":{"line":77,"column":16},"end":{"line":79,"column":null}},"line":77},"9":{"name":"log","decl":{"start":{"line":81,"column":2},"end":{"line":81,"column":10}},"loc":{"start":{"line":86,"column":10},"end":{"line":112,"column":null}},"line":86},"10":{"name":"redact","decl":{"start":{"line":115,"column":2},"end":{"line":115,"column":10}},"loc":{"start":{"line":115,"column":72},"end":{"line":139,"column":null}},"line":115}},"branchMap":{"0":{"loc":{"start":{"line":31,"column":4},"end":{"line":33,"column":null}},"type":"if","locations":[{"start":{"line":31,"column":4},"end":{"line":33,"column":null}},{"start":{},"end":{}}],"line":31},"1":{"loc":{"start":{"line":70,"column":20},"end":{"line":70,"column":null}},"type":"cond-expr","locations":[{"start":{"line":70,"column":32},"end":{"line":70,"column":66}},{"start":{"line":70,"column":66},"end":{"line":70,"column":null}}],"line":70},"2":{"loc":{"start":{"line":87,"column":22},"end":{"line":87,"column":null}},"type":"cond-expr","locations":[{"start":{"line":87,"column":32},"end":{"line":87,"column":55}},{"start":{"line":87,"column":55},"end":{"line":87,"column":null}}],"line":87},"3":{"loc":{"start":{"line":94,"column":10},"end":{"line":94,"column":null}},"type":"cond-expr","locations":[{"start":{"line":94,"column":36},"end":{"line":94,"column":41}},{"start":{"line":94,"column":41},"end":{"line":94,"column":null}}],"line":94},"4":{"loc":{"start":{"line":97,"column":4},"end":{"line":99,"column":null}},"type":"if","locations":[{"start":{"line":97,"column":4},"end":{"line":99,"column":null}},{"start":{},"end":{}}],"line":97},"5":{"loc":{"start":{"line":103,"column":4},"end":{"line":111,"column":null}},"type":"if","locations":[{"start":{"line":103,"column":4},"end":{"line":111,"column":null}},{"start":{},"end":{}}],"line":103},"6":{"loc":{"start":{"line":103,"column":8},"end":{"line":103,"column":64}},"type":"binary-expr","locations":[{"start":{"line":103,"column":8},"end":{"line":103,"column":45}},{"start":{"line":103,"column":45},"end":{"line":103,"column":64}}],"line":103},"7":{"loc":{"start":{"line":105,"column":8},"end":{"line":109,"column":null}},"type":"cond-expr","locations":[{"start":{"line":106,"column":12},"end":{"line":106,"column":null}},{"start":{"line":107,"column":12},"end":{"line":109,"column":null}}],"line":105},"8":{"loc":{"start":{"line":107,"column":12},"end":{"line":109,"column":null}},"type":"cond-expr","locations":[{"start":{"line":108,"column":14},"end":{"line":108,"column":null}},{"start":{"line":109,"column":14},"end":{"line":109,"column":null}}],"line":107},"9":{"loc":{"start":{"line":110,"column":42},"end":{"line":110,"column":57}},"type":"binary-expr","locations":[{"start":{"line":110,"column":42},"end":{"line":110,"column":55}},{"start":{"line":110,"column":55},"end":{"line":110,"column":57}}],"line":110},"10":{"loc":{"start":{"line":118,"column":6},"end":{"line":136,"column":null}},"type":"if","locations":[{"start":{"line":118,"column":6},"end":{"line":136,"column":null}},{"start":{"line":120,"column":13},"end":{"line":136,"column":null}}],"line":118},"11":{"loc":{"start":{"line":120,"column":13},"end":{"line":136,"column":null}},"type":"if","locations":[{"start":{"line":120,"column":13},"end":{"line":136,"column":null}},{"start":{"line":128,"column":13},"end":{"line":136,"column":null}}],"line":120},"12":{"loc":{"start":{"line":121,"column":8},"end":{"line":125,"column":null}},"type":"binary-expr","locations":[{"start":{"line":121,"column":8},"end":{"line":121,"column":null}},{"start":{"line":122,"column":8},"end":{"line":122,"column":null}},{"start":{"line":123,"column":8},"end":{"line":123,"column":null}},{"start":{"line":124,"column":8},"end":{"line":124,"column":null}},{"start":{"line":125,"column":8},"end":{"line":125,"column":null}}],"line":121},"13":{"loc":{"start":{"line":128,"column":13},"end":{"line":136,"column":null}},"type":"if","locations":[{"start":{"line":128,"column":13},"end":{"line":136,"column":null}},{"start":{"line":134,"column":13},"end":{"line":136,"column":null}}],"line":128},"14":{"loc":{"start":{"line":129,"column":8},"end":{"line":131,"column":null}},"type":"binary-expr","locations":[{"start":{"line":129,"column":8},"end":{"line":129,"column":null}},{"start":{"line":130,"column":8},"end":{"line":130,"column":null}},{"start":{"line":131,"column":8},"end":{"line":131,"column":null}}],"line":129}},"s":{"0":1,"1":1,"2":1,"3":0,"4":0,"5":0,"6":1,"7":0,"8":0,"9":0,"10":1,"11":1,"12":1,"13":1,"14":1,"15":1,"16":1,"17":1,"18":0,"19":1,"20":1,"21":0,"22":0,"23":2,"24":2,"25":4,"26":0,"27":4,"28":2,"29":2,"30":1,"31":1,"32":2,"33":1},"f":{"0":0,"1":0,"2":1,"3":0,"4":0,"5":0,"6":1,"7":1,"8":1,"9":1,"10":2},"b":{"0":[0,0],"1":[1,0],"2":[1,0],"3":[0,1],"4":[0,1],"5":[0,1],"6":[1,1],"7":[0,0],"8":[0,0],"9":[0,0],"10":[0,4],"11":[2,2],"12":[4,3,3,3,3],"13":[1,1],"14":[2,1,1]},"meta":{"lastBranch":15,"lastFunction":11,"lastStatement":34,"seen":{"s:16:18:16:Infinity":0,"s:19:38:19:Infinity":1,"s:20:25:20:Infinity":2,"f:22:2:22:11":0,"s:23:4:23:Infinity":3,"f:26:2:26:Infinity":1,"b:31:4:33:Infinity:undefined:undefined:undefined:undefined":0,"s:31:4:33:Infinity":4,"s:32:6:32:Infinity":5,"f:36:2:36:Infinity":2,"s:41:4:41:Infinity":6,"f:44:2:44:Infinity":3,"s:49:4:49:Infinity":7,"f:52:2:52:Infinity":4,"s:57:4:57:Infinity":8,"f:61:2:61:36":5,"s:62:4:62:Infinity":9,"f:66:2:66:27":6,"s:67:4:73:Infinity":10,"f:68:7:68:12":7,"s:69:21:69:Infinity":11,"s:70:20:70:Infinity":12,"b:70:32:70:66:70:66:70:Infinity":1,"s:71:8:71:Infinity":13,"f:77:2:77:16":8,"s:78:4:78:Infinity":14,"f:81:2:81:10":9,"s:87:22:87:Infinity":15,"b:87:32:87:55:87:55:87:Infinity":2,"s:89:28:95:Infinity":16,"b:94:36:94:41:94:41:94:Infinity":3,"b:97:4:99:Infinity:undefined:undefined:undefined:undefined":4,"s:97:4:99:Infinity":17,"s:98:6:98:Infinity":18,"s:100:4:100:Infinity":19,"b:103:4:111:Infinity:undefined:undefined:undefined:undefined":5,"s:103:4:111:Infinity":20,"b:103:8:103:45:103:45:103:64":6,"s:105:8:109:Infinity":21,"b:106:12:106:Infinity:107:12:109:Infinity":7,"b:108:14:108:Infinity:109:14:109:Infinity":8,"s:110:6:110:Infinity":22,"b:110:42:110:55:110:55:110:57":9,"f:115:2:115:10":10,"s:116:44:116:Infinity":23,"s:117:4:137:Infinity":24,"b:118:6:136:Infinity:120:13:136:Infinity":10,"s:118:6:136:Infinity":25,"s:119:8:119:Infinity":26,"b:120:13:136:Infinity:128:13:136:Infinity":11,"s:120:13:136:Infinity":27,"b:121:8:121:Infinity:122:8:122:Infinity:123:8:123:Infinity:124:8:124:Infinity:125:8:125:Infinity":12,"s:127:8:127:Infinity":28,"b:128:13:136:Infinity:134:13:136:Infinity":13,"s:128:13:136:Infinity":29,"b:129:8:129:Infinity:130:8:130:Infinity:131:8:131:Infinity":14,"s:133:8:133:Infinity":30,"s:135:8:135:Infinity":31,"s:138:4:138:Infinity":32,"s:143:22:143:Infinity":33},"fnNames":{}}}
,"K:\\yt_extension\\yt_transcriber\\src\\core\\paragraphs.ts": {"path":"K:\\yt_extension\\yt_transcriber\\src\\core\\paragraphs.ts","statementMap":{"0":{"start":{"line":7,"column":25},"end":{"line":7,"column":null}},"1":{"start":{"line":9,"column":30},"end":{"line":9,"column":null}},"2":{"start":{"line":18,"column":2},"end":{"line":18,"column":null}},"3":{"start":{"line":18,"column":29},"end":{"line":18,"column":null}},"4":{"start":{"line":20,"column":34},"end":{"line":20,"column":null}},"5":{"start":{"line":21,"column":31},"end":{"line":21,"column":null}},"6":{"start":{"line":22,"column":21},"end":{"line":22,"column":null}},"7":{"start":{"line":23,"column":19},"end":{"line":23,"column":null}},"8":{"start":{"line":24,"column":24},"end":{"line":24,"column":null}},"9":{"start":{"line":27,"column":2},"end":{"line":65,"column":null}},"10":{"start":{"line":27,"column":15},"end":{"line":27,"column":18}},"11":{"start":{"line":28,"column":16},"end":{"line":28,"column":null}},"12":{"start":{"line":30,"column":4},"end":{"line":37,"column":null}},"13":{"start":{"line":31,"column":6},"end":{"line":31,"column":null}},"14":{"start":{"line":32,"column":6},"end":{"line":32,"column":null}},"15":{"start":{"line":33,"column":6},"end":{"line":33,"column":null}},"16":{"start":{"line":34,"column":6},"end":{"line":34,"column":null}},"17":{"start":{"line":35,"column":6},"end":{"line":35,"column":null}},"18":{"start":{"line":36,"column":6},"end":{"line":36,"column":null}},"19":{"start":{"line":39,"column":20},"end":{"line":39,"column":null}},"20":{"start":{"line":40,"column":18},"end":{"line":40,"column":null}},"21":{"start":{"line":42,"column":6},"end":{"line":42,"column":null}},"22":{"start":{"line":43,"column":20},"end":{"line":43,"column":null}},"23":{"start":{"line":45,"column":4},"end":{"line":64,"column":null}},"24":{"start":{"line":47,"column":6},"end":{"line":54,"column":null}},"25":{"start":{"line":56,"column":6},"end":{"line":56,"column":null}},"26":{"start":{"line":57,"column":6},"end":{"line":57,"column":null}},"27":{"start":{"line":58,"column":6},"end":{"line":58,"column":null}},"28":{"start":{"line":59,"column":6},"end":{"line":59,"column":null}},"29":{"start":{"line":60,"column":6},"end":{"line":60,"column":null}},"30":{"start":{"line":62,"column":6},"end":{"line":62,"column":null}},"31":{"start":{"line":63,"column":6},"end":{"line":63,"column":null}},"32":{"start":{"line":68,"column":2},"end":{"line":77,"column":null}},"33":{"start":{"line":69,"column":4},"end":{"line":76,"column":null}},"34":{"start":{"line":79,"column":2},"end":{"line":79,"column":null}}},"fnMap":{"0":{"name":"toParagraphs","decl":{"start":{"line":14,"column":16},"end":{"line":14,"column":null}},"loc":{"start":{"line":17,"column":15},"end":{"line":80,"column":null}},"line":17}},"branchMap":{"0":{"loc":{"start":{"line":16,"column":2},"end":{"line":16,"column":null}},"type":"default-arg","locations":[{"start":{"line":16,"column":29},"end":{"line":16,"column":null}}],"line":16},"1":{"loc":{"start":{"line":18,"column":2},"end":{"line":18,"column":null}},"type":"if","locations":[{"start":{"line":18,"column":2},"end":{"line":18,"column":null}},{"start":{},"end":{}}],"line":18},"2":{"loc":{"start":{"line":30,"column":4},"end":{"line":37,"column":null}},"type":"if","locations":[{"start":{"line":30,"column":4},"end":{"line":37,"column":null}},{"start":{},"end":{}}],"line":30},"3":{"loc":{"start":{"line":42,"column":6},"end":{"line":42,"column":null}},"type":"binary-expr","locations":[{"start":{"line":42,"column":6},"end":{"line":42,"column":35}},{"start":{"line":42,"column":35},"end":{"line":42,"column":null}}],"line":42},"4":{"loc":{"start":{"line":45,"column":4},"end":{"line":64,"column":null}},"type":"if","locations":[{"start":{"line":45,"column":4},"end":{"line":64,"column":null}},{"start":{"line":61,"column":11},"end":{"line":64,"column":null}}],"line":45},"5":{"loc":{"start":{"line":45,"column":8},"end":{"line":45,"column":63}},"type":"binary-expr","locations":[{"start":{"line":45,"column":8},"end":{"line":45,"column":36}},{"start":{"line":45,"column":36},"end":{"line":45,"column":54}},{"start":{"line":45,"column":54},"end":{"line":45,"column":63}}],"line":45},"6":{"loc":{"start":{"line":68,"column":2},"end":{"line":77,"column":null}},"type":"if","locations":[{"start":{"line":68,"column":2},"end":{"line":77,"column":null}},{"start":{},"end":{}}],"line":68}},"s":{"0":3,"1":3,"2":5,"3":1,"4":4,"5":4,"6":4,"7":4,"8":4,"9":4,"10":4,"11":47,"12":47,"13":4,"14":4,"15":4,"16":4,"17":4,"18":4,"19":43,"20":43,"21":43,"22":47,"23":47,"24":3,"25":3,"26":3,"27":3,"28":3,"29":3,"30":40,"31":40,"32":4,"33":4,"34":4},"f":{"0":5},"b":{"0":[5],"1":[1,4],"2":[4,43],"3":[43,0],"4":[3,40],"5":[47,42,42],"6":[4,0]},"meta":{"lastBranch":7,"lastFunction":1,"lastStatement":35,"seen":{"s:7:25:7:Infinity":0,"s:9:30:9:Infinity":1,"f:14:16:14:Infinity":0,"b:16:29:16:Infinity":0,"b:18:2:18:Infinity:undefined:undefined:undefined:undefined":1,"s:18:2:18:Infinity":2,"s:18:29:18:Infinity":3,"s:20:34:20:Infinity":4,"s:21:31:21:Infinity":5,"s:22:21:22:Infinity":6,"s:23:19:23:Infinity":7,"s:24:24:24:Infinity":8,"s:27:2:65:Infinity":9,"s:27:15:27:18":10,"s:28:16:28:Infinity":11,"b:30:4:37:Infinity:undefined:undefined:undefined:undefined":2,"s:30:4:37:Infinity":12,"s:31:6:31:Infinity":13,"s:32:6:32:Infinity":14,"s:33:6:33:Infinity":15,"s:34:6:34:Infinity":16,"s:35:6:35:Infinity":17,"s:36:6:36:Infinity":18,"s:39:20:39:Infinity":19,"s:40:18:40:Infinity":20,"s:42:6:42:Infinity":21,"b:42:6:42:35:42:35:42:Infinity":3,"s:43:20:43:Infinity":22,"b:45:4:64:Infinity:61:11:64:Infinity":4,"s:45:4:64:Infinity":23,"b:45:8:45:36:45:36:45:54:45:54:45:63":5,"s:47:6:54:Infinity":24,"s:56:6:56:Infinity":25,"s:57:6:57:Infinity":26,"s:58:6:58:Infinity":27,"s:59:6:59:Infinity":28,"s:60:6:60:Infinity":29,"s:62:6:62:Infinity":30,"s:63:6:63:Infinity":31,"b:68:2:77:Infinity:undefined:undefined:undefined:undefined":6,"s:68:2:77:Infinity":32,"s:69:4:76:Infinity":33,"s:79:2:79:Infinity":34},"fnNames":{}}}
,"K:\\yt_extension\\yt_transcriber\\src\\core\\parsers.ts": {"path":"K:\\yt_extension\\yt_transcriber\\src\\core\\parsers.ts","statementMap":{"0":{"start":{"line":21,"column":23},"end":{"line":21,"column":null}},"1":{"start":{"line":22,"column":21},"end":{"line":22,"column":null}},"2":{"start":{"line":29,"column":2},"end":{"line":29,"column":null}},"3":{"start":{"line":29,"column":43},"end":{"line":29,"column":null}},"4":{"start":{"line":32,"column":2},"end":{"line":36,"column":null}},"5":{"start":{"line":33,"column":4},"end":{"line":33,"column":null}},"6":{"start":{"line":35,"column":4},"end":{"line":35,"column":null}},"7":{"start":{"line":38,"column":2},"end":{"line":38,"column":null}},"8":{"start":{"line":38,"column":51},"end":{"line":38,"column":null}},"9":{"start":{"line":40,"column":40},"end":{"line":40,"column":null}},"10":{"start":{"line":41,"column":14},"end":{"line":41,"column":null}},"11":{"start":{"line":43,"column":2},"end":{"line":71,"column":null}},"12":{"start":{"line":44,"column":4},"end":{"line":44,"column":null}},"13":{"start":{"line":44,"column":31},"end":{"line":44,"column":null}},"14":{"start":{"line":47,"column":4},"end":{"line":47,"column":null}},"15":{"start":{"line":47,"column":37},"end":{"line":47,"column":null}},"16":{"start":{"line":48,"column":4},"end":{"line":48,"column":null}},"17":{"start":{"line":48,"column":48},"end":{"line":48,"column":null}},"18":{"start":{"line":49,"column":4},"end":{"line":49,"column":null}},"19":{"start":{"line":49,"column":38},"end":{"line":49,"column":null}},"20":{"start":{"line":51,"column":20},"end":{"line":51,"column":null}},"21":{"start":{"line":52,"column":23},"end":{"line":52,"column":null}},"22":{"start":{"line":53,"column":18},"end":{"line":53,"column":null}},"23":{"start":{"line":56,"column":17},"end":{"line":60,"column":null}},"24":{"start":{"line":57,"column":18},"end":{"line":57,"column":30}},"25":{"start":{"line":62,"column":4},"end":{"line":62,"column":null}},"26":{"start":{"line":62,"column":15},"end":{"line":62,"column":null}},"27":{"start":{"line":64,"column":4},"end":{"line":69,"column":null}},"28":{"start":{"line":70,"column":4},"end":{"line":70,"column":null}},"29":{"start":{"line":73,"column":2},"end":{"line":73,"column":null}},"30":{"start":{"line":81,"column":2},"end":{"line":81,"column":null}},"31":{"start":{"line":81,"column":43},"end":{"line":81,"column":null}},"32":{"start":{"line":85,"column":4},"end":{"line":85,"column":null}},"33":{"start":{"line":86,"column":40},"end":{"line":86,"column":null}},"34":{"start":{"line":87,"column":14},"end":{"line":87,"column":null}},"35":{"start":{"line":90,"column":2},"end":{"line":105,"column":null}},"36":{"start":{"line":91,"column":4},"end":{"line":91,"column":null}},"37":{"start":{"line":91,"column":31},"end":{"line":91,"column":null}},"38":{"start":{"line":93,"column":21},"end":{"line":93,"column":null}},"39":{"start":{"line":94,"column":19},"end":{"line":94,"column":null}},"40":{"start":{"line":95,"column":20},"end":{"line":95,"column":null}},"41":{"start":{"line":97,"column":17},"end":{"line":97,"column":null}},"42":{"start":{"line":98,"column":4},"end":{"line":98,"column":null}},"43":{"start":{"line":98,"column":15},"end":{"line":98,"column":null}},"44":{"start":{"line":100,"column":20},"end":{"line":100,"column":null}},"45":{"start":{"line":101,"column":18},"end":{"line":101,"column":null}},"46":{"start":{"line":103,"column":4},"end":{"line":103,"column":null}},"47":{"start":{"line":104,"column":4},"end":{"line":104,"column":null}},"48":{"start":{"line":107,"column":2},"end":{"line":107,"column":null}},"49":{"start":{"line":114,"column":2},"end":{"line":114,"column":null}},"50":{"start":{"line":114,"column":43},"end":{"line":114,"column":null}},"51":{"start":{"line":116,"column":16},"end":{"line":116,"column":null}},"52":{"start":{"line":117,"column":40},"end":{"line":117,"column":null}},"53":{"start":{"line":118,"column":14},"end":{"line":118,"column":null}},"54":{"start":{"line":119,"column":10},"end":{"line":119,"column":null}},"55":{"start":{"line":122,"column":2},"end":{"line":124,"column":null}},"56":{"start":{"line":123,"column":4},"end":{"line":123,"column":null}},"57":{"start":{"line":126,"column":2},"end":{"line":155,"column":null}},"58":{"start":{"line":127,"column":4},"end":{"line":127,"column":null}},"59":{"start":{"line":127,"column":31},"end":{"line":127,"column":null}},"60":{"start":{"line":129,"column":17},"end":{"line":129,"column":null}},"61":{"start":{"line":130,"column":22},"end":{"line":132,"column":null}},"62":{"start":{"line":134,"column":4},"end":{"line":154,"column":null}},"63":{"start":{"line":135,"column":22},"end":{"line":135,"column":null}},"64":{"start":{"line":136,"column":20},"end":{"line":136,"column":null}},"65":{"start":{"line":137,"column":6},"end":{"line":137,"column":null}},"66":{"start":{"line":139,"column":34},"end":{"line":139,"column":null}},"67":{"start":{"line":140,"column":6},"end":{"line":145,"column":null}},"68":{"start":{"line":141,"column":14},"end":{"line":141,"column":null}},"69":{"start":{"line":143,"column":8},"end":{"line":143,"column":null}},"70":{"start":{"line":144,"column":8},"end":{"line":144,"column":null}},"71":{"start":{"line":147,"column":19},"end":{"line":147,"column":null}},"72":{"start":{"line":148,"column":6},"end":{"line":151,"column":null}},"73":{"start":{"line":149,"column":8},"end":{"line":149,"column":null}},"74":{"start":{"line":150,"column":8},"end":{"line":150,"column":null}},"75":{"start":{"line":153,"column":6},"end":{"line":153,"column":null}},"76":{"start":{"line":157,"column":2},"end":{"line":157,"column":null}},"77":{"start":{"line":162,"column":21},"end":{"line":162,"column":null}},"78":{"start":{"line":163,"column":16},"end":{"line":163,"column":null}},"79":{"start":{"line":164,"column":2},"end":{"line":177,"column":null}},"80":{"start":{"line":165,"column":4},"end":{"line":169,"column":null}},"81":{"start":{"line":171,"column":9},"end":{"line":177,"column":null}},"82":{"start":{"line":172,"column":4},"end":{"line":175,"column":null}},"83":{"start":{"line":178,"column":2},"end":{"line":178,"column":null}},"84":{"start":{"line":183,"column":2},"end":{"line":193,"column":null}},"85":{"start":{"line":192,"column":6},"end":{"line":192,"column":null}},"86":{"start":{"line":201,"column":2},"end":{"line":201,"column":null}},"87":{"start":{"line":201,"column":12},"end":{"line":201,"column":null}},"88":{"start":{"line":203,"column":2},"end":{"line":205,"column":null}},"89":{"start":{"line":204,"column":4},"end":{"line":204,"column":null}},"90":{"start":{"line":206,"column":2},"end":{"line":208,"column":null}},"91":{"start":{"line":207,"column":4},"end":{"line":207,"column":null}},"92":{"start":{"line":209,"column":2},"end":{"line":211,"column":null}},"93":{"start":{"line":210,"column":4},"end":{"line":210,"column":null}},"94":{"start":{"line":214,"column":2},"end":{"line":214,"column":null}}},"fnMap":{"0":{"name":"parseJson3","decl":{"start":{"line":28,"column":16},"end":{"line":28,"column":27}},"loc":{"start":{"line":28,"column":68},"end":{"line":74,"column":null}},"line":28},"1":{"name":"(anonymous_1)","decl":{"start":{"line":57,"column":7},"end":{"line":57,"column":12}},"loc":{"start":{"line":57,"column":18},"end":{"line":57,"column":30}},"line":57},"2":{"name":"parseSrv3","decl":{"start":{"line":80,"column":16},"end":{"line":80,"column":26}},"loc":{"start":{"line":80,"column":67},"end":{"line":108,"column":null}},"line":80},"3":{"name":"parseVtt","decl":{"start":{"line":113,"column":16},"end":{"line":113,"column":25}},"loc":{"start":{"line":113,"column":66},"end":{"line":158,"column":null}},"line":113},"4":{"name":"parseVttTime","decl":{"start":{"line":161,"column":9},"end":{"line":161,"column":22}},"loc":{"start":{"line":161,"column":44},"end":{"line":179,"column":null}},"line":161},"5":{"name":"decodeXmlEntities","decl":{"start":{"line":182,"column":9},"end":{"line":182,"column":27}},"loc":{"start":{"line":182,"column":49},"end":{"line":194,"column":null}},"line":182},"6":{"name":"(anonymous_6)","decl":{"start":{"line":191,"column":13},"end":{"line":191,"column":27}},"loc":{"start":{"line":192,"column":6},"end":{"line":192,"column":null}},"line":192},"7":{"name":"parseCaption","decl":{"start":{"line":197,"column":16},"end":{"line":197,"column":null}},"loc":{"start":{"line":200,"column":30},"end":{"line":215,"column":null}},"line":200}},"branchMap":{"0":{"loc":{"start":{"line":29,"column":2},"end":{"line":29,"column":null}},"type":"if","locations":[{"start":{"line":29,"column":2},"end":{"line":29,"column":null}},{"start":{},"end":{}}],"line":29},"1":{"loc":{"start":{"line":29,"column":6},"end":{"line":29,"column":43}},"type":"binary-expr","locations":[{"start":{"line":29,"column":6},"end":{"line":29,"column":14}},{"start":{"line":29,"column":14},"end":{"line":29,"column":43}}],"line":29},"2":{"loc":{"start":{"line":38,"column":2},"end":{"line":38,"column":null}},"type":"if","locations":[{"start":{"line":38,"column":2},"end":{"line":38,"column":null}},{"start":{},"end":{}}],"line":38},"3":{"loc":{"start":{"line":38,"column":6},"end":{"line":38,"column":51}},"type":"binary-expr","locations":[{"start":{"line":38,"column":6},"end":{"line":38,"column":22}},{"start":{"line":38,"column":22},"end":{"line":38,"column":51}}],"line":38},"4":{"loc":{"start":{"line":44,"column":4},"end":{"line":44,"column":null}},"type":"if","locations":[{"start":{"line":44,"column":4},"end":{"line":44,"column":null}},{"start":{},"end":{}}],"line":44},"5":{"loc":{"start":{"line":47,"column":4},"end":{"line":47,"column":null}},"type":"if","locations":[{"start":{"line":47,"column":4},"end":{"line":47,"column":null}},{"start":{},"end":{}}],"line":47},"6":{"loc":{"start":{"line":48,"column":4},"end":{"line":48,"column":null}},"type":"if","locations":[{"start":{"line":48,"column":4},"end":{"line":48,"column":null}},{"start":{},"end":{}}],"line":48},"7":{"loc":{"start":{"line":48,"column":8},"end":{"line":48,"column":48}},"type":"binary-expr","locations":[{"start":{"line":48,"column":8},"end":{"line":48,"column":23}},{"start":{"line":48,"column":23},"end":{"line":48,"column":48}}],"line":48},"8":{"loc":{"start":{"line":49,"column":4},"end":{"line":49,"column":null}},"type":"if","locations":[{"start":{"line":49,"column":4},"end":{"line":49,"column":null}},{"start":{},"end":{}}],"line":49},"9":{"loc":{"start":{"line":52,"column":23},"end":{"line":52,"column":null}},"type":"binary-expr","locations":[{"start":{"line":52,"column":23},"end":{"line":52,"column":44}},{"start":{"line":52,"column":44},"end":{"line":52,"column":null}}],"line":52},"10":{"loc":{"start":{"line":57,"column":18},"end":{"line":57,"column":30}},"type":"binary-expr","locations":[{"start":{"line":57,"column":18},"end":{"line":57,"column":28}},{"start":{"line":57,"column":28},"end":{"line":57,"column":30}}],"line":57},"11":{"loc":{"start":{"line":62,"column":4},"end":{"line":62,"column":null}},"type":"if","locations":[{"start":{"line":62,"column":4},"end":{"line":62,"column":null}},{"start":{},"end":{}}],"line":62},"12":{"loc":{"start":{"line":73,"column":9},"end":{"line":73,"column":null}},"type":"cond-expr","locations":[{"start":{"line":73,"column":31},"end":{"line":73,"column":42}},{"start":{"line":73,"column":42},"end":{"line":73,"column":null}}],"line":73},"13":{"loc":{"start":{"line":81,"column":2},"end":{"line":81,"column":null}},"type":"if","locations":[{"start":{"line":81,"column":2},"end":{"line":81,"column":null}},{"start":{},"end":{}}],"line":81},"14":{"loc":{"start":{"line":81,"column":6},"end":{"line":81,"column":43}},"type":"binary-expr","locations":[{"start":{"line":81,"column":6},"end":{"line":81,"column":14}},{"start":{"line":81,"column":14},"end":{"line":81,"column":43}}],"line":81},"15":{"loc":{"start":{"line":91,"column":4},"end":{"line":91,"column":null}},"type":"if","locations":[{"start":{"line":91,"column":4},"end":{"line":91,"column":null}},{"start":{},"end":{}}],"line":91},"16":{"loc":{"start":{"line":93,"column":32},"end":{"line":93,"column":47}},"type":"binary-expr","locations":[{"start":{"line":93,"column":32},"end":{"line":93,"column":44}},{"start":{"line":93,"column":44},"end":{"line":93,"column":47}}],"line":93},"17":{"loc":{"start":{"line":94,"column":30},"end":{"line":94,"column":45}},"type":"binary-expr","locations":[{"start":{"line":94,"column":30},"end":{"line":94,"column":42}},{"start":{"line":94,"column":42},"end":{"line":94,"column":45}}],"line":94},"18":{"loc":{"start":{"line":95,"column":20},"end":{"line":95,"column":null}},"type":"binary-expr","locations":[{"start":{"line":95,"column":20},"end":{"line":95,"column":32}},{"start":{"line":95,"column":32},"end":{"line":95,"column":null}}],"line":95},"19":{"loc":{"start":{"line":98,"column":4},"end":{"line":98,"column":null}},"type":"if","locations":[{"start":{"line":98,"column":4},"end":{"line":98,"column":null}},{"start":{},"end":{}}],"line":98},"20":{"loc":{"start":{"line":107,"column":9},"end":{"line":107,"column":null}},"type":"cond-expr","locations":[{"start":{"line":107,"column":31},"end":{"line":107,"column":42}},{"start":{"line":107,"column":42},"end":{"line":107,"column":null}}],"line":107},"21":{"loc":{"start":{"line":114,"column":2},"end":{"line":114,"column":null}},"type":"if","locations":[{"start":{"line":114,"column":2},"end":{"line":114,"column":null}},{"start":{},"end":{}}],"line":114},"22":{"loc":{"start":{"line":114,"column":6},"end":{"line":114,"column":43}},"type":"binary-expr","locations":[{"start":{"line":114,"column":6},"end":{"line":114,"column":14}},{"start":{"line":114,"column":14},"end":{"line":114,"column":43}}],"line":114},"23":{"loc":{"start":{"line":122,"column":9},"end":{"line":122,"column":57}},"type":"binary-expr","locations":[{"start":{"line":122,"column":9},"end":{"line":122,"column":29}},{"start":{"line":122,"column":29},"end":{"line":122,"column":57}}],"line":122},"24":{"loc":{"start":{"line":127,"column":4},"end":{"line":127,"column":null}},"type":"if","locations":[{"start":{"line":127,"column":4},"end":{"line":127,"column":null}},{"start":{},"end":{}}],"line":127},"25":{"loc":{"start":{"line":129,"column":17},"end":{"line":129,"column":null}},"type":"binary-expr","locations":[{"start":{"line":129,"column":17},"end":{"line":129,"column":29}},{"start":{"line":129,"column":29},"end":{"line":129,"column":null}}],"line":129},"26":{"loc":{"start":{"line":134,"column":4},"end":{"line":154,"column":null}},"type":"if","locations":[{"start":{"line":134,"column":4},"end":{"line":154,"column":null}},{"start":{"line":152,"column":11},"end":{"line":154,"column":null}}],"line":134},"27":{"loc":{"start":{"line":135,"column":35},"end":{"line":135,"column":53}},"type":"binary-expr","locations":[{"start":{"line":135,"column":35},"end":{"line":135,"column":51}},{"start":{"line":135,"column":51},"end":{"line":135,"column":53}}],"line":135},"28":{"loc":{"start":{"line":136,"column":33},"end":{"line":136,"column":51}},"type":"binary-expr","locations":[{"start":{"line":136,"column":33},"end":{"line":136,"column":49}},{"start":{"line":136,"column":49},"end":{"line":136,"column":51}}],"line":136},"29":{"loc":{"start":{"line":140,"column":13},"end":{"line":140,"column":65}},"type":"binary-expr","locations":[{"start":{"line":140,"column":13},"end":{"line":140,"column":34}},{"start":{"line":140,"column":23},"end":{"line":140,"column":65}}],"line":140},"30":{"loc":{"start":{"line":140,"column":34},"end":{"line":140,"column":48}},"type":"binary-expr","locations":[{"start":{"line":140,"column":34},"end":{"line":140,"column":46}},{"start":{"line":140,"column":46},"end":{"line":140,"column":48}}],"line":140},"31":{"loc":{"start":{"line":141,"column":20},"end":{"line":141,"column":34}},"type":"binary-expr","locations":[{"start":{"line":141,"column":20},"end":{"line":141,"column":32}},{"start":{"line":141,"column":32},"end":{"line":141,"column":34}}],"line":141},"32":{"loc":{"start":{"line":148,"column":6},"end":{"line":151,"column":null}},"type":"if","locations":[{"start":{"line":148,"column":6},"end":{"line":151,"column":null}},{"start":{},"end":{}}],"line":148},"33":{"loc":{"start":{"line":157,"column":9},"end":{"line":157,"column":null}},"type":"cond-expr","locations":[{"start":{"line":157,"column":31},"end":{"line":157,"column":42}},{"start":{"line":157,"column":42},"end":{"line":157,"column":null}}],"line":157},"34":{"loc":{"start":{"line":164,"column":2},"end":{"line":177,"column":null}},"type":"if","locations":[{"start":{"line":164,"column":2},"end":{"line":177,"column":null}},{"start":{"line":171,"column":9},"end":{"line":177,"column":null}}],"line":164},"35":{"loc":{"start":{"line":166,"column":15},"end":{"line":166,"column":32}},"type":"binary-expr","locations":[{"start":{"line":166,"column":15},"end":{"line":166,"column":27}},{"start":{"line":166,"column":27},"end":{"line":166,"column":32}}],"line":166},"36":{"loc":{"start":{"line":167,"column":15},"end":{"line":167,"column":32}},"type":"binary-expr","locations":[{"start":{"line":167,"column":15},"end":{"line":167,"column":27}},{"start":{"line":167,"column":27},"end":{"line":167,"column":32}}],"line":167},"37":{"loc":{"start":{"line":168,"column":15},"end":{"line":168,"column":32}},"type":"binary-expr","locations":[{"start":{"line":168,"column":15},"end":{"line":168,"column":27}},{"start":{"line":168,"column":27},"end":{"line":168,"column":32}}],"line":168},"38":{"loc":{"start":{"line":169,"column":15},"end":{"line":169,"column":32}},"type":"binary-expr","locations":[{"start":{"line":169,"column":15},"end":{"line":169,"column":27}},{"start":{"line":169,"column":27},"end":{"line":169,"column":32}}],"line":169},"39":{"loc":{"start":{"line":171,"column":9},"end":{"line":177,"column":null}},"type":"if","locations":[{"start":{"line":171,"column":9},"end":{"line":177,"column":null}},{"start":{},"end":{}}],"line":171},"40":{"loc":{"start":{"line":173,"column":15},"end":{"line":173,"column":32}},"type":"binary-expr","locations":[{"start":{"line":173,"column":15},"end":{"line":173,"column":27}},{"start":{"line":173,"column":27},"end":{"line":173,"column":32}}],"line":173},"41":{"loc":{"start":{"line":174,"column":15},"end":{"line":174,"column":32}},"type":"binary-expr","locations":[{"start":{"line":174,"column":15},"end":{"line":174,"column":27}},{"start":{"line":174,"column":27},"end":{"line":174,"column":32}}],"line":174},"42":{"loc":{"start":{"line":175,"column":15},"end":{"line":175,"column":32}},"type":"binary-expr","locations":[{"start":{"line":175,"column":15},"end":{"line":175,"column":27}},{"start":{"line":175,"column":27},"end":{"line":175,"column":32}}],"line":175},"43":{"loc":{"start":{"line":201,"column":2},"end":{"line":201,"column":null}},"type":"if","locations":[{"start":{"line":201,"column":2},"end":{"line":201,"column":null}},{"start":{},"end":{}}],"line":201},"44":{"loc":{"start":{"line":203,"column":2},"end":{"line":205,"column":null}},"type":"if","locations":[{"start":{"line":203,"column":2},"end":{"line":205,"column":null}},{"start":{},"end":{}}],"line":203},"45":{"loc":{"start":{"line":203,"column":6},"end":{"line":203,"column":74}},"type":"binary-expr","locations":[{"start":{"line":203,"column":6},"end":{"line":203,"column":29}},{"start":{"line":203,"column":29},"end":{"line":203,"column":40}},{"start":{"line":203,"column":40},"end":{"line":203,"column":74}}],"line":203},"46":{"loc":{"start":{"line":206,"column":2},"end":{"line":208,"column":null}},"type":"if","locations":[{"start":{"line":206,"column":2},"end":{"line":208,"column":null}},{"start":{},"end":{}}],"line":206},"47":{"loc":{"start":{"line":206,"column":6},"end":{"line":206,"column":77}},"type":"binary-expr","locations":[{"start":{"line":206,"column":6},"end":{"line":206,"column":28}},{"start":{"line":206,"column":28},"end":{"line":206,"column":39}},{"start":{"line":206,"column":39},"end":{"line":206,"column":77}}],"line":206},"48":{"loc":{"start":{"line":209,"column":2},"end":{"line":211,"column":null}},"type":"if","locations":[{"start":{"line":209,"column":2},"end":{"line":211,"column":null}},{"start":{},"end":{}}],"line":209},"49":{"loc":{"start":{"line":209,"column":6},"end":{"line":209,"column":77}},"type":"binary-expr","locations":[{"start":{"line":209,"column":6},"end":{"line":209,"column":27}},{"start":{"line":209,"column":27},"end":{"line":209,"column":38}},{"start":{"line":209,"column":38},"end":{"line":209,"column":77}}],"line":209},"50":{"loc":{"start":{"line":214,"column":9},"end":{"line":214,"column":null}},"type":"binary-expr","locations":[{"start":{"line":214,"column":9},"end":{"line":214,"column":28}},{"start":{"line":214,"column":28},"end":{"line":214,"column":46}},{"start":{"line":214,"column":46},"end":{"line":214,"column":null}}],"line":214}},"s":{"0":1,"1":1,"2":4,"3":0,"4":4,"5":4,"6":1,"7":3,"8":0,"9":3,"10":3,"11":3,"12":4,"13":0,"14":4,"15":0,"16":4,"17":1,"18":3,"19":0,"20":3,"21":3,"22":4,"23":4,"24":4,"25":4,"26":0,"27":3,"28":3,"29":3,"30":2,"31":0,"32":2,"33":2,"34":2,"35":2,"36":3,"37":0,"38":3,"39":3,"40":3,"41":3,"42":3,"43":0,"44":3,"45":3,"46":3,"47":3,"48":2,"49":3,"50":0,"51":3,"52":3,"53":3,"54":3,"55":3,"56":6,"57":3,"58":8,"59":0,"60":8,"61":8,"62":8,"63":4,"64":4,"65":4,"66":4,"67":4,"68":4,"69":4,"70":4,"71":4,"72":4,"73":4,"74":4,"75":4,"76":3,"77":8,"78":8,"79":8,"80":6,"81":2,"82":2,"83":0,"84":3,"85":0,"86":3,"87":0,"88":3,"89":1,"90":2,"91":1,"92":1,"93":1,"94":0},"f":{"0":4,"1":4,"2":2,"3":3,"4":8,"5":3,"6":0,"7":3},"b":{"0":[0,4],"1":[4,4],"2":[0,3],"3":[3,3],"4":[0,4],"5":[0,4],"6":[1,3],"7":[4,3],"8":[0,3],"9":[3,0],"10":[4,0],"11":[0,4],"12":[2,1],"13":[0,2],"14":[2,2],"15":[0,3],"16":[3,0],"17":[3,0],"18":[3,0],"19":[0,3],"20":[2,0],"21":[0,3],"22":[3,3],"23":[3,9],"24":[0,8],"25":[8,0],"26":[4,4],"27":[4,0],"28":[4,0],"29":[4,8],"30":[8,0],"31":[4,0],"32":[4,0],"33":[3,0],"34":[6,2],"35":[6,0],"36":[6,0],"37":[6,0],"38":[6,0],"39":[2,0],"40":[2,0],"41":[2,0],"42":[2,0],"43":[0,3],"44":[1,2],"45":[3,3,3],"46":[1,1],"47":[2,2,2],"48":[1,0],"49":[1,1,1],"50":[0,0,0]},"meta":{"lastBranch":51,"lastFunction":8,"lastStatement":95,"seen":{"s:21:23:21:Infinity":0,"s:22:21:22:Infinity":1,"f:28:16:28:27":0,"b:29:2:29:Infinity:undefined:undefined:undefined:undefined":0,"s:29:2:29:Infinity":2,"b:29:6:29:14:29:14:29:43":1,"s:29:43:29:Infinity":3,"s:32:2:36:Infinity":4,"s:33:4:33:Infinity":5,"s:35:4:35:Infinity":6,"b:38:2:38:Infinity:undefined:undefined:undefined:undefined":2,"s:38:2:38:Infinity":7,"b:38:6:38:22:38:22:38:51":3,"s:38:51:38:Infinity":8,"s:40:40:40:Infinity":9,"s:41:14:41:Infinity":10,"s:43:2:71:Infinity":11,"b:44:4:44:Infinity:undefined:undefined:undefined:undefined":4,"s:44:4:44:Infinity":12,"s:44:31:44:Infinity":13,"b:47:4:47:Infinity:undefined:undefined:undefined:undefined":5,"s:47:4:47:Infinity":14,"s:47:37:47:Infinity":15,"b:48:4:48:Infinity:undefined:undefined:undefined:undefined":6,"s:48:4:48:Infinity":16,"b:48:8:48:23:48:23:48:48":7,"s:48:48:48:Infinity":17,"b:49:4:49:Infinity:undefined:undefined:undefined:undefined":8,"s:49:4:49:Infinity":18,"s:49:38:49:Infinity":19,"s:51:20:51:Infinity":20,"s:52:23:52:Infinity":21,"b:52:23:52:44:52:44:52:Infinity":9,"s:53:18:53:Infinity":22,"s:56:17:60:Infinity":23,"f:57:7:57:12":1,"s:57:18:57:30":24,"b:57:18:57:28:57:28:57:30":10,"b:62:4:62:Infinity:undefined:undefined:undefined:undefined":11,"s:62:4:62:Infinity":25,"s:62:15:62:Infinity":26,"s:64:4:69:Infinity":27,"s:70:4:70:Infinity":28,"s:73:2:73:Infinity":29,"b:73:31:73:42:73:42:73:Infinity":12,"f:80:16:80:26":2,"b:81:2:81:Infinity:undefined:undefined:undefined:undefined":13,"s:81:2:81:Infinity":30,"b:81:6:81:14:81:14:81:43":14,"s:81:43:81:Infinity":31,"s:85:4:85:Infinity":32,"s:86:40:86:Infinity":33,"s:87:14:87:Infinity":34,"s:90:2:105:Infinity":35,"b:91:4:91:Infinity:undefined:undefined:undefined:undefined":15,"s:91:4:91:Infinity":36,"s:91:31:91:Infinity":37,"s:93:21:93:Infinity":38,"b:93:32:93:44:93:44:93:47":16,"s:94:19:94:Infinity":39,"b:94:30:94:42:94:42:94:45":17,"s:95:20:95:Infinity":40,"b:95:20:95:32:95:32:95:Infinity":18,"s:97:17:97:Infinity":41,"b:98:4:98:Infinity:undefined:undefined:undefined:undefined":19,"s:98:4:98:Infinity":42,"s:98:15:98:Infinity":43,"s:100:20:100:Infinity":44,"s:101:18:101:Infinity":45,"s:103:4:103:Infinity":46,"s:104:4:104:Infinity":47,"s:107:2:107:Infinity":48,"b:107:31:107:42:107:42:107:Infinity":20,"f:113:16:113:25":3,"b:114:2:114:Infinity:undefined:undefined:undefined:undefined":21,"s:114:2:114:Infinity":49,"b:114:6:114:14:114:14:114:43":22,"s:114:43:114:Infinity":50,"s:116:16:116:Infinity":51,"s:117:40:117:Infinity":52,"s:118:14:118:Infinity":53,"s:119:10:119:Infinity":54,"s:122:2:124:Infinity":55,"b:122:9:122:29:122:29:122:57":23,"s:123:4:123:Infinity":56,"s:126:2:155:Infinity":57,"b:127:4:127:Infinity:undefined:undefined:undefined:undefined":24,"s:127:4:127:Infinity":58,"s:127:31:127:Infinity":59,"s:129:17:129:Infinity":60,"b:129:17:129:29:129:29:129:Infinity":25,"s:130:22:132:Infinity":61,"b:134:4:154:Infinity:152:11:154:Infinity":26,"s:134:4:154:Infinity":62,"s:135:22:135:Infinity":63,"b:135:35:135:51:135:51:135:53":27,"s:136:20:136:Infinity":64,"b:136:33:136:49:136:49:136:51":28,"s:137:6:137:Infinity":65,"s:139:34:139:Infinity":66,"s:140:6:145:Infinity":67,"b:140:13:140:34:140:23:140:65":29,"b:140:34:140:46:140:46:140:48":30,"s:141:14:141:Infinity":68,"b:141:20:141:32:141:32:141:34":31,"s:143:8:143:Infinity":69,"s:144:8:144:Infinity":70,"s:147:19:147:Infinity":71,"b:148:6:151:Infinity:undefined:undefined:undefined:undefined":32,"s:148:6:151:Infinity":72,"s:149:8:149:Infinity":73,"s:150:8:150:Infinity":74,"s:153:6:153:Infinity":75,"s:157:2:157:Infinity":76,"b:157:31:157:42:157:42:157:Infinity":33,"f:161:9:161:22":4,"s:162:21:162:Infinity":77,"s:163:16:163:Infinity":78,"b:164:2:177:Infinity:171:9:177:Infinity":34,"s:164:2:177:Infinity":79,"s:165:4:169:Infinity":80,"b:166:15:166:27:166:27:166:32":35,"b:167:15:167:27:167:27:167:32":36,"b:168:15:168:27:168:27:168:32":37,"b:169:15:169:27:169:27:169:32":38,"b:171:9:177:Infinity:undefined:undefined:undefined:undefined":39,"s:171:9:177:Infinity":81,"s:172:4:175:Infinity":82,"b:173:15:173:27:173:27:173:32":40,"b:174:15:174:27:174:27:174:32":41,"b:175:15:175:27:175:27:175:32":42,"s:178:2:178:Infinity":83,"f:182:9:182:27":5,"s:183:2:193:Infinity":84,"f:191:13:191:27":6,"s:192:6:192:Infinity":85,"f:197:16:197:Infinity":7,"b:201:2:201:Infinity:undefined:undefined:undefined:undefined":43,"s:201:2:201:Infinity":86,"s:201:12:201:Infinity":87,"b:203:2:205:Infinity:undefined:undefined:undefined:undefined":44,"s:203:2:205:Infinity":88,"b:203:6:203:29:203:29:203:40:203:40:203:74":45,"s:204:4:204:Infinity":89,"b:206:2:208:Infinity:undefined:undefined:undefined:undefined":46,"s:206:2:208:Infinity":90,"b:206:6:206:28:206:28:206:39:206:39:206:77":47,"s:207:4:207:Infinity":91,"b:209:2:211:Infinity:undefined:undefined:undefined:undefined":48,"s:209:2:211:Infinity":92,"b:209:6:209:27:209:27:209:38:209:38:209:77":49,"s:210:4:210:Infinity":93,"s:214:2:214:Infinity":94,"b:214:9:214:28:214:28:214:46:214:46:214:Infinity":50},"fnNames":{}}}
,"K:\\yt_extension\\yt_transcriber\\src\\core\\search.ts": {"path":"K:\\yt_extension\\yt_transcriber\\src\\core\\search.ts","statementMap":{"0":{"start":{"line":8,"column":2},"end":{"line":8,"column":null}},"1":{"start":{"line":12,"column":2},"end":{"line":28,"column":null}},"2":{"start":{"line":44,"column":24},"end":{"line":44,"column":null}},"3":{"start":{"line":47,"column":15},"end":{"line":47,"column":null}},"4":{"start":{"line":48,"column":2},"end":{"line":51,"column":null}},"5":{"start":{"line":49,"column":4},"end":{"line":49,"column":null}},"6":{"start":{"line":49,"column":33},"end":{"line":49,"column":59}},"7":{"start":{"line":50,"column":4},"end":{"line":50,"column":null}},"8":{"start":{"line":52,"column":2},"end":{"line":52,"column":null}},"9":{"start":{"line":63,"column":26},"end":{"line":63,"column":null}},"10":{"start":{"line":64,"column":2},"end":{"line":64,"column":null}},"11":{"start":{"line":64,"column":24},"end":{"line":64,"column":null}},"12":{"start":{"line":66,"column":16},"end":{"line":66,"column":null}},"13":{"start":{"line":67,"column":34},"end":{"line":67,"column":null}},"14":{"start":{"line":69,"column":2},"end":{"line":91,"column":null}},"15":{"start":{"line":69,"column":15},"end":{"line":69,"column":18}},"16":{"start":{"line":70,"column":20},"end":{"line":70,"column":null}},"17":{"start":{"line":71,"column":27},"end":{"line":71,"column":null}},"18":{"start":{"line":72,"column":58},"end":{"line":72,"column":null}},"19":{"start":{"line":74,"column":21},"end":{"line":74,"column":null}},"20":{"start":{"line":75,"column":4},"end":{"line":86,"column":null}},"21":{"start":{"line":76,"column":18},"end":{"line":76,"column":null}},"22":{"start":{"line":77,"column":6},"end":{"line":77,"column":null}},"23":{"start":{"line":77,"column":22},"end":{"line":77,"column":null}},"24":{"start":{"line":80,"column":20},"end":{"line":80,"column":null}},"25":{"start":{"line":81,"column":6},"end":{"line":84,"column":null}},"26":{"start":{"line":85,"column":6},"end":{"line":85,"column":null}},"27":{"start":{"line":88,"column":4},"end":{"line":90,"column":null}},"28":{"start":{"line":89,"column":6},"end":{"line":89,"column":null}},"29":{"start":{"line":93,"column":2},"end":{"line":93,"column":null}},"30":{"start":{"line":105,"column":21},"end":{"line":105,"column":null}},"31":{"start":{"line":106,"column":2},"end":{"line":106,"column":null}},"32":{"start":{"line":106,"column":31},"end":{"line":106,"column":null}},"33":{"start":{"line":107,"column":2},"end":{"line":107,"column":null}},"34":{"start":{"line":107,"column":29},"end":{"line":107,"column":null}},"35":{"start":{"line":109,"column":12},"end":{"line":109,"column":null}},"36":{"start":{"line":110,"column":16},"end":{"line":110,"column":null}},"37":{"start":{"line":111,"column":19},"end":{"line":111,"column":null}},"38":{"start":{"line":111,"column":36},"end":{"line":111,"column":64}},"39":{"start":{"line":112,"column":16},"end":{"line":112,"column":null}},"40":{"start":{"line":112,"column":48},"end":{"line":112,"column":68}},"41":{"start":{"line":113,"column":13},"end":{"line":113,"column":null}},"42":{"start":{"line":114,"column":12},"end":{"line":114,"column":null}},"43":{"start":{"line":117,"column":13},"end":{"line":117,"column":null}},"44":{"start":{"line":118,"column":2},"end":{"line":122,"column":null}},"45":{"start":{"line":119,"column":4},"end":{"line":121,"column":null}},"46":{"start":{"line":120,"column":6},"end":{"line":120,"column":null}},"47":{"start":{"line":125,"column":17},"end":{"line":139,"column":null}},"48":{"start":{"line":126,"column":18},"end":{"line":126,"column":null}},"49":{"start":{"line":127,"column":15},"end":{"line":127,"column":null}},"50":{"start":{"line":128,"column":16},"end":{"line":128,"column":null}},"51":{"start":{"line":130,"column":4},"end":{"line":136,"column":null}},"52":{"start":{"line":131,"column":16},"end":{"line":131,"column":null}},"53":{"start":{"line":132,"column":18},"end":{"line":132,"column":null}},"54":{"start":{"line":133,"column":17},"end":{"line":133,"column":null}},"55":{"start":{"line":133,"column":37},"end":{"line":133,"column":45}},"56":{"start":{"line":134,"column":22},"end":{"line":134,"column":null}},"57":{"start":{"line":135,"column":6},"end":{"line":135,"column":null}},"58":{"start":{"line":138,"column":4},"end":{"line":138,"column":null}},"59":{"start":{"line":141,"column":2},"end":{"line":146,"column":null}},"60":{"start":{"line":142,"column":20},"end":{"line":142,"column":37}},"61":{"start":{"line":144,"column":19},"end":{"line":144,"column":30}},"62":{"start":{"line":145,"column":20},"end":{"line":145,"column":53}},"63":{"start":{"line":146,"column":16},"end":{"line":146,"column":25}}},"fnMap":{"0":{"name":"normalizeForSearch","decl":{"start":{"line":11,"column":16},"end":{"line":11,"column":35}},"loc":{"start":{"line":11,"column":57},"end":{"line":30,"column":null}},"line":11},"1":{"name":"normalizedTexts","decl":{"start":{"line":46,"column":9},"end":{"line":46,"column":25}},"loc":{"start":{"line":46,"column":75},"end":{"line":53,"column":null}},"line":46},"2":{"name":"(anonymous_2)","decl":{"start":{"line":49,"column":22},"end":{"line":49,"column":27}},"loc":{"start":{"line":49,"column":33},"end":{"line":49,"column":59}},"line":49},"3":{"name":"searchSegments","decl":{"start":{"line":59,"column":16},"end":{"line":59,"column":null}},"loc":{"start":{"line":62,"column":18},"end":{"line":94,"column":null}},"line":62},"4":{"name":"bm25Retrieve","decl":{"start":{"line":100,"column":16},"end":{"line":100,"column":null}},"loc":{"start":{"line":104,"column":23},"end":{"line":147,"column":null}},"line":104},"5":{"name":"(anonymous_5)","decl":{"start":{"line":111,"column":25},"end":{"line":111,"column":30}},"loc":{"start":{"line":111,"column":36},"end":{"line":111,"column":64}},"line":111},"6":{"name":"(anonymous_6)","decl":{"start":{"line":112,"column":25},"end":{"line":112,"column":33}},"loc":{"start":{"line":112,"column":48},"end":{"line":112,"column":68}},"line":112},"7":{"name":"(anonymous_7)","decl":{"start":{"line":125,"column":26},"end":{"line":125,"column":31}},"loc":{"start":{"line":125,"column":42},"end":{"line":139,"column":3}},"line":125},"8":{"name":"(anonymous_8)","decl":{"start":{"line":133,"column":23},"end":{"line":133,"column":31}},"loc":{"start":{"line":133,"column":37},"end":{"line":133,"column":45}},"line":133},"9":{"name":"(anonymous_9)","decl":{"start":{"line":142,"column":5},"end":{"line":142,"column":11}},"loc":{"start":{"line":142,"column":20},"end":{"line":142,"column":37}},"line":142},"10":{"name":"(anonymous_10)","decl":{"start":{"line":144,"column":5},"end":{"line":144,"column":13}},"loc":{"start":{"line":144,"column":19},"end":{"line":144,"column":30}},"line":144},"11":{"name":"(anonymous_11)","decl":{"start":{"line":145,"column":5},"end":{"line":145,"column":11}},"loc":{"start":{"line":145,"column":20},"end":{"line":145,"column":53}},"line":145},"12":{"name":"(anonymous_12)","decl":{"start":{"line":146,"column":5},"end":{"line":146,"column":10}},"loc":{"start":{"line":146,"column":16},"end":{"line":146,"column":25}},"line":146}},"branchMap":{"0":{"loc":{"start":{"line":48,"column":2},"end":{"line":51,"column":null}},"type":"if","locations":[{"start":{"line":48,"column":2},"end":{"line":51,"column":null}},{"start":{},"end":{}}],"line":48},"1":{"loc":{"start":{"line":64,"column":2},"end":{"line":64,"column":null}},"type":"if","locations":[{"start":{"line":64,"column":2},"end":{"line":64,"column":null}},{"start":{},"end":{}}],"line":64},"2":{"loc":{"start":{"line":77,"column":6},"end":{"line":77,"column":null}},"type":"if","locations":[{"start":{"line":77,"column":6},"end":{"line":77,"column":null}},{"start":{},"end":{}}],"line":77},"3":{"loc":{"start":{"line":88,"column":4},"end":{"line":90,"column":null}},"type":"if","locations":[{"start":{"line":88,"column":4},"end":{"line":90,"column":null}},{"start":{},"end":{}}],"line":88},"4":{"loc":{"start":{"line":103,"column":2},"end":{"line":103,"column":null}},"type":"default-arg","locations":[{"start":{"line":103,"column":17},"end":{"line":103,"column":null}}],"line":103},"5":{"loc":{"start":{"line":106,"column":2},"end":{"line":106,"column":null}},"type":"if","locations":[{"start":{"line":106,"column":2},"end":{"line":106,"column":null}},{"start":{},"end":{}}],"line":106},"6":{"loc":{"start":{"line":107,"column":2},"end":{"line":107,"column":null}},"type":"if","locations":[{"start":{"line":107,"column":2},"end":{"line":107,"column":null}},{"start":{},"end":{}}],"line":107},"7":{"loc":{"start":{"line":120,"column":17},"end":{"line":120,"column":35}},"type":"binary-expr","locations":[{"start":{"line":120,"column":17},"end":{"line":120,"column":30}},{"start":{"line":120,"column":30},"end":{"line":120,"column":35}}],"line":120},"8":{"loc":{"start":{"line":131,"column":16},"end":{"line":131,"
[...]
,"K:\\yt_extension\\yt_transcriber\\src\\providers\\youtube\\bridge-protocol.ts": {"path":"K:\\yt_extension\\yt_transcriber\\src\\providers\\youtube\\bridge-protocol.ts","statementMap":{"0":{"start":{"line":7,"column":25},"end":{"line":7,"column":null}},"1":{"start":{"line":9,"column":30},"end":{"line":20,"column":null}},"2":{"start":{"line":43,"column":37},"end":{"line":43,"column":null}},"3":{"start":{"line":56,"column":33},"end":{"line":63,"column":null}},"4":{"start":{"line":66,"column":36},"end":{"line":78,"column":null}},"5":{"start":{"line":81,"column":38},"end":{"line":86,"column":null}},"6":{"start":{"line":89,"column":40},"end":{"line":93,"column":null}},"7":{"start":{"line":98,"column":2},"end":{"line":98,"column":null}},"8":{"start":{"line":98,"column":43},"end":{"line":98,"column":null}},"9":{"start":{"line":99,"column":12},"end":{"line":99,"column":null}},"10":{"start":{"line":100,"column":2},"end":{"line":102,"column":null}},"11":{"start":{"line":111,"column":2},"end":{"line":111,"column":null}},"12":{"start":{"line":111,"column":60},"end":{"line":111,"column":null}},"13":{"start":{"line":112,"column":15},"end":{"line":112,"column":null}},"14":{"start":{"line":113,"column":2},"end":{"line":113,"column":null}},"15":{"start":{"line":113,"column":52},"end":{"line":113,"column":null}},"16":{"start":{"line":114,"column":2},"end":{"line":114,"column":null}},"17":{"start":{"line":114,"column":28},"end":{"line":114,"column":null}},"18":{"start":{"line":115,"column":2},"end":{"line":115,"column":null}}},"fnMap":{"0":{"name":"isBridgeMessage","decl":{"start":{"line":95,"column":16},"end":{"line":95,"column":null}},"loc":{"start":{"line":97,"column":53},"end":{"line":104,"column":null}},"line":97},"1":{"name":"detectWireFormat","decl":{"start":{"line":107,"column":16},"end":{"line":107,"column":null}},"loc":{"start":{"line":110,"column":35},"end":{"line":116,"column":null}},"line":110}},"branchMap":{"0":{"loc":{"start":{"line":98,"column":2},"end":{"line":98,"column":null}},"type":"if","locations":[{"start":{"line":98,"column":2},"end":{"line":98,"column":null}},{"start":{},"end":{}}],"line":98},"1":{"loc":{"start":{"line":98,"column":6},"end":{"line":98,"column":43}},"type":"binary-expr","locations":[{"start":{"line":98,"column":6},"end":{"line":98,"column":31}},{"start":{"line":98,"column":31},"end":{"line":98,"column":43}}],"line":98},"2":{"loc":{"start":{"line":101,"column":4},"end":{"line":102,"column":null}},"type":"binary-expr","locations":[{"start":{"line":101,"column":4},"end":{"line":101,"column":null}},{"start":{"line":102,"column":5},"end":{"line":102,"column":27}},{"start":{"line":102,"column":27},"end":{"line":102,"column":49}},{"start":{"line":102,"column":49},"end":{"line":102,"column":null}}],"line":101},"3":{"loc":{"start":{"line":111,"column":2},"end":{"line":111,"column":null}},"type":"if","locations":[{"start":{"line":111,"column":2},"end":{"line":111,"column":null}},{"start":{},"end":{}}],"line":111},"4":{"loc":{"start":{"line":111,"column":6},"end":{"line":111,"column":60}},"type":"binary-expr","locations":[{"start":{"line":111,"column":6},"end":{"line":111,"column":33}},{"start":{"line":111,"column":33},"end":{"line":111,"column":60}}],"line":111},"5":{"loc":{"start":{"line":113,"column":2},"end":{"line":113,"column":null}},"type":"if","locations":[{"start":{"line":113,"column":2},"end":{"line":113,"column":null}},{"start":{},"end":{}}],"line":113},"6":{"loc":{"start":{"line":113,"column":6},"end":{"line":113,"column":52}},"type":"binary-expr","locations":[{"start":{"line":113,"column":6},"end":{"line":113,"column":30}},{"start":{"line":113,"column":30},"end":{"line":113,"column":52}}],"line":113},"7":{"loc":{"start":{"line":114,"column":2},"end":{"line":114,"column":null}},"type":"if","locations":[{"start":{"line":114,"column":2},"end":{"line":114,"column":null}},{"start":{},"end":{}}],"line":114}},"s":{"0":1,"1":1,"2":1,"3":1,"4":1,"5":1,"6":1,"7":0,"8":0,"9":0,"10":0,"11":4,"12":1,"13":3,"14":3,"15":1,"16":2,"17":1,"18":1},"f":{"0":0,"1":4},"b":{"0":[0,0],"1":[0,0],"2":[0,0,0,0],"3":[1,3],"4":[4,4],"5":[1,2],"6":[3,2],"7":[1,1]},"meta":{"lastBranch":8,"lastFunction":2,"lastStatement":19,"seen":{"s:7:25:7:Infinity":0,"s:9:30:20:Infinity":1,"s:43:37:43:Infinity":2,"s:56:33:63:Infinity":3,"s:66:36:78:Infinity":4,"s:81:38:86:Infinity":5,"s:89:40:93:Infinity":6,"f:95:16:95:Infinity":0,"b:98:2:98:Infinity:undefined:undefined:undefined:undefined":0,"s:98:2:98:Infinity":7,"b:98:6:98:31:98:31:98:43":1,"s:98:43:98:Infinity":8,"s:99:12:99:Infinity":9,"s:100:2:102:Infinity":10,"b:101:4:101:Infinity:102:5:102:27:102:27:102:49:102:49:102:Infinity":2,"f:107:16:107:Infinity":1,"b:111:2:111:Infinity:undefined:undefined:undefined:undefined":3,"s:111:2:111:Infinity":11,"b:111:6:111:33:111:33:111:60":4,"s:111:60:111:Infinity":12,"s:112:15:112:Infinity":13,"b:113:2:113:Infinity:undefined:undefined:undefined:undefined":5,"s:113:2:113:Infinity":14,"b:113:6:113:30:113:30:113:52":6,"s:113:52:113:Infinity":15,"b:114:2:114:Infinity:undefined:undefined:undefined:undefined":7,"s:114:2:114:Infinity":16,"s:114:28:114:Infinity":17,"s:115:2:115:Infinity":18},"fnNames":{}}}
,"K:\\yt_extension\\yt_transcriber\\src\\providers\\youtube\\track-select.ts": {"path":"K:\\yt_extension\\yt_transcriber\\src\\providers\\youtube\\track-select.ts","statementMap":{"0":{"start":{"line":14,"column":2},"end":{"line":14,"column":null}},"1":{"start":{"line":14,"column":22},"end":{"line":14,"column":null}},"2":{"start":{"line":15,"column":2},"end":{"line":15,"column":null}},"3":{"start":{"line":15,"column":29},"end":{"line":15,"column":null}},"4":{"start":{"line":16,"column":2},"end":{"line":16,"column":null}},"5":{"start":{"line":23,"column":15},"end":{"line":23,"column":null}},"6":{"start":{"line":24,"column":32},"end":{"line":24,"column":null}},"7":{"start":{"line":25,"column":2},"end":{"line":45,"column":null}},"8":{"start":{"line":26,"column":17},"end":{"line":26,"column":null}},"9":{"start":{"line":27,"column":18},"end":{"line":27,"column":null}},"10":{"start":{"line":28,"column":12},"end":{"line":28,"column":null}},"11":{"start":{"line":29,"column":4},"end":{"line":32,"column":null}},"12":{"start":{"line":30,"column":6},"end":{"line":30,"column":null}},"13":{"start":{"line":31,"column":6},"end":{"line":31,"column":null}},"14":{"start":{"line":33,"column":4},"end":{"line":33,"column":null}},"15":{"start":{"line":34,"column":30},"end":{"line":42,"column":null}},"16":{"start":{"line":43,"column":4},"end":{"line":43,"column":null}},"17":{"start":{"line":43,"column":19},"end":{"line":43,"column":null}},"18":{"start":{"line":44,"column":4},"end":{"line":44,"column":null}},"19":{"start":{"line":46,"column":2},"end":{"line":46,"column":null}},"20":{"start":{"line":57,"column":2},"end":{"line":57,"column":null}},"21":{"start":{"line":57,"column":28},"end":{"line":57,"column":null}},"22":{"start":{"line":58,"column":8},"end":{"line":58,"column":null}},"23":{"start":{"line":58,"column":30},"end":{"line":58,"column":null}},"24":{"start":{"line":59,"column":16},"end":{"line":59,"column":null}},"25":{"start":{"line":61,"column":8},"end":{"line":67,"column":null}},"26":{"start":{"line":62,"column":17},"end":{"line":62,"column":null}},"27":{"start":{"line":63,"column":16},"end":{"line":65,"column":null}},"28":{"start":{"line":64,"column":13},"end":{"line":64,"column":null}},"29":{"start":{"line":66,"column":4},"end":{"line":66,"column":null}},"30":{"start":{"line":69,"column":17},"end":{"line":69,"column":null}},"31":{"start":{"line":69,"column":39},"end":{"line":69,"column":64}},"32":{"start":{"line":70,"column":14},"end":{"line":70,"column":null}},"33":{"start":{"line":70,"column":36},"end":{"line":70,"column":58}},"34":{"start":{"line":72,"column":8},"end":{"line":83,"column":null}},"35":{"start":{"line":73,"column":34},"end":{"line":73,"column":null}},"36":{"start":{"line":74,"column":20},"end":{"line":74,"column":null}},"37":{"start":{"line":75,"column":4},"end":{"line":81,"column":null}},"38":{"start":{"line":76,"column":16},"end":{"line":76,"column":null}},"39":{"start":{"line":77,"column":6},"end":{"line":80,"column":null}},"40":{"start":{"line":78,"column":8},"end":{"line":78,"column":null}},"41":{"start":{"line":79,"column":8},"end":{"line":79,"column":null}},"42":{"start":{"line":82,"column":4},"end":{"line":82,"column":null}},"43":{"start":{"line":85,"column":2},"end":{"line":92,"column":null}}},"fnMap":{"0":{"name":"toKind","decl":{"start":{"line":13,"column":9},"end":{"line":13,"column":16}},"loc":{"start":{"line":13,"column":53},"end":{"line":17,"column":null}},"line":13},"1":{"name":"buildTrackEntries","decl":{"start":{"line":20,"column":16},"end":{"line":20,"column":null}},"loc":{"start":{"line":22,"column":16},"end":{"line":47,"column":null}},"line":22},"2":{"name":"selectTrack","decl":{"start":{"line":53,"column":16},"end":{"line":53,"column":null}},"loc":{"start":{"line":56,"column":21},"end":{"line":94,"column":null}},"line":56},"3":{"name":"(anonymous_3)","decl":{"start":{"line":58,"column":8},"end":{"line":58,"column":16}},"loc":{"start":{"line":58,"column":30},"end":{"line":58,"column":null}},"line":58},"4":{"name":"(anonymous_4)","decl":{"start":{"line":61,"column":8},"end":{"line":61,"column":19}},"loc":{"start":{"line":61,"column":45},"end":{"line":67,"column":null}},"line":61},"5":{"name":"(anonymous_5)","decl":{"start":{"line":63,"column":22},"end":{"line":63,"column":null}},"loc":{"start":{"line":64,"column":13},"end":{"line":64,"column":null}},"line":64},"6":{"name":"(anonymous_6)","decl":{"start":{"line":69,"column":25},"end":{"line":69,"column":33}},"loc":{"start":{"line":69,"column":39},"end":{"line":69,"column":64}},"line":69},"7":{"name":"(anonymous_7)","decl":{"start":{"line":70,"column":22},"end":{"line":70,"column":30}},"loc":{"start":{"line":70,"column":36},"end":{"line":70,"column":58}},"line":70},"8":{"name":"(anonymous_8)","decl":{"start":{"line":72,"column":8},"end":{"line":72,"column":24}},"loc":{"start":{"line":72,"column":75},"end":{"line":83,"column":null}},"line":72}},"branchMap":{"0":{"loc":{"start":{"line":14,"column":2},"end":{"line":14,"column":null}},"type":"if","locations":[{"start":{"line":14,"column":2},"end":{"line":14,"column":null}},{"start":{},"end":{}}],"line":14},"1":{"loc":{"start":{"line":15,"column":2},"end":{"line":15,"column":null}},"type":"if","locations":[{"start":{"line":15,"column":2},"end":{"line":15,"column":null}},{"start":{},"end":{}}],"line":15},"2":{"loc":{"start":{"line":38,"column":23},"end":{"line":38,"column":null}},"type":"binary-expr","locations":[{"start":{"line":38,"column":23},"end":{"line":38,"column":34}},{"start":{"line":38,"column":34},"end":{"line":38,"column":null}}],"line":38},"3":{"loc":{"start":{"line":43,"column":4},"end":{"line":43,"column":null}},"type":"if","locations":[{"start":{"line":43,"column":4},"end":{"line":43,"column":null}},{"start":{},"end":{}}],"line":43},"4":{"loc":{"start":{"line":57,"column":2},"end":{"line":57,"column":null}},"type":"if","locations":[{"start":{"line":57,"column":2},"end":{"line":57,"column":null}},{"start":{},"end":{}}],"line":57},"5":{"loc":{"start":{"line":64,"column":13},"end":{"line":64,"column":null}},"type":"binary-expr","locations":[{"start":{"line":64,"column":13},"end":{"line":64,"column":27}},{"start":{"line":64,"column":27},"end":{"line":64,"column":55}},{"start":{"line":64,"column":55},"end":{"line":64,"column":null}}],"line":64},"6":{"loc":{"start":{"line":66,"column":11},"end":{"line":66,"column":null}},"type":"cond-expr","locations":[{"start":{"line":66,"column":24},"end":{"line":66,"column":35}},{"start":{"line":66,"column":35},"end":{"line":66,"column":null}}],"line":66},"7":{"loc":{"start":{"line":77,"column":6},"end":{"line":80,"column":null}},"type":"if","locations":[{"start":{"line":77,"column":6},"end":{"line":80,"column":null}},{"start":{},"end":{}}],"line":77},"8":{"loc":{"start":{"line":82,"column":11},"end":{"line":82,"column":null}},"type":"cond-expr","locations":[{"start":{"line":82,"column":36},"end":{"line":82,"column":43}},{"start":{"line":82,"column":43},"end":{"line":82,"column":null}}],"line":82},"9":{"loc":{"start":{"line":86,"column":4},"end":{"line":92,"column":null}},"type":"binary-expr","locations":[{"start":{"line":86,"column":4},"end":{"line":86,"column":null}},{"start":{"line":87,"column":4},"end":{"line":87,"column":null}},{"start":{"line":88,"column":4},"end":{"line":88,"column":null}},{"start":{"line":89,"column":4},"end":{"line":89,"column":null}},{"start":{"line":90,"column":4},"end":{"line":90,"column":null}},{"start":{"line":91,"column":4},"end":{"line":91,"column":null}},{"start":{"line":92,"column":4},"end":{"line":92,"column":null}}],"line":86}},"s":{"0":11,"1":6,"2":5,"3":0,"4":5,"5":5,"6":5,"7":5,"8":11,"9":11,"10":11,"11":11,"12":1,"13":1,"14":11,"15":11,"16":11,"17":1,"18":11,"19":5,"20":5,"21":1,"22":4,"23":18,"24":4,"25":4,"26":13,"27":13,"28":14,"29":13,"30":4,"31":11,"32":4,"33":11,"34":4,"35":7,"36":7,"37":7,"38":13,"39":13,"40":4,"41":4,"42":7,"43":4},"f":{"0":11,"1":5,"2":5,"3":18,"4":13,"5":14,"6":11,"7":11,"8":7},"b":{"0":[6,5],"1":[0,5],"2":[11,6],"3":[1,10],"4":[1,4],"5":[14,11,10],"6":[9,4],"7":[4,9],"8":[4,3],"9":[4,2,1,1,0,0,0]},"meta":{"lastBranch":10,"lastFunction":9,"lastStatement":44,"seen":{"f:13:9:13:16":0,"b:14:2:14:Infinity:undefined:undefined:undefined:undefined":0,"s:14:2:14:Infinity":0,"s:14:22:14:Infinity":1,"b:15:2:15:Infinity:undefined:undefined:undefined:undefined":1,"s:15:2:15:Infinity":2,"s:15:29:15:Infinity":3,"s:16:2:16:Infinity":4,"f:20:16:20:Infinity":1,"s:23:15:23:Infinity":5,"s:24:32:24:Infinity":6,"s:25:2:45:Infinity":7,"s:26:17:26:Infinity":8,"s:27:18:27:Infinity":9,"s:28:12:28:Infinity":10,"s:29:4:32:Infinity":11,"s:30:6:30:Infinity":12,"s:31:6:31:Infinity":13,"s:33:4:33:Infinity":14,"s:34:30:42:Infinity":15,"b:38:23:38:34:38:34:38:Infinity":2,"b:43:4:43:Infinity:undefined:undefined:undefined:undefined":3,"s:43:4:43:Infinity":16,"s:43:19:43:Infinity":17,"s:44:4:44:Infinity":18,"s:46:2:46:Infinity":19,"f:53:16:53:Infinity":2,"b:57:2:57:Infinity:undefined:undefined:undefined:undefined":4,"s:57:2:57:Infinity":20,"s:57:28:57:Infinity":21,"s:58:8:58:Infinity":22,"f:58:8:58:16":3,"s:58:30:58:Infinity":23,"s:59:16:59:Infinity":24,"s:61:8:67:Infinity":25,"f:61:8:61:19":4,"s:62:17:62:Infinity":26,"s:63:16:65:Infinity":27,"f:63:22:63:Infinity":5,"s:64:13:64:Infinity":28,"b:64:13:64:27:64:27:64:55:64:55:64:Infinity":5,"s:66:4:66:Infinity":29,"b:66:24:66:35:66:35:66:Infinity":6,"s:69:17:69:Infinity":30,"f:69:25:69:33":6,"s:69:39:69:64":31,"s:70:14:70:Infinity":32,"f:70:22:70:30":7,"s:70:36:70:58":33,"s:72:8:83:Infinity":34,"f:72:8:72:24":8,"s:73:34:73:Infinity":35,"s:74:20:74:Infinity":36,"s:75:4:81:Infinity":37,"s:76:16:76:Infinity":38,"b:77:6:80:Infinity:undefined:undefined:undefined:undefined":7,"s:77:6:80:Infinity":39,"s:78:8:78:Infinity":40,"s:79:8:79:Infinity":41,"s:82:4:82:Infinity":42,"b:82:36:82:43:82:43:82:Infinity":8,"s:85:2:92:Infinity":43,"b:86:4:86:Infinity:87:4:87:Infinity:88:4:88:Infinity:89:4:89:Infinity:90:4:90:Infinity:91:4:91:Infinity:92:4:92:Infinity":9},"fnNames":{}}}
,"K:\\yt_extension\\yt_transcriber\\src\\storage\\settings.ts": {"path":"K:\\yt_extension\\yt_transcriber\\src\\storage\\settings.ts","statementMap":{"0":{"start":{"line":19,"column":45},"end":{"line":28,"column":null}},"1":{"start":{"line":30,"column":21},"end":{"line":30,"column":null}},"2":{"start":{"line":32,"column":23},"end":{"line":43,"column":null}},"3":{"start":{"line":46,"column":35},"end":{"line":46,"column":null}},"4":{"start":{"line":50,"column":2},"end":{"line":69,"column":null}},"5":{"start":{"line":51,"column":17},"end":{"line":51,"column":null}},"6":{"start":{"line":52,"column":4},"end":{"line":62,"column":null}},"7":{"start":{"line":53,"column":21},"end":{"line":53,"column":null}},"8":{"start":{"line":54,"column":6},"end":{"line":60,"column":null}},"9":{"start":{"line":55,"column":8},"end":{"line":58,"column":null}},"10":{"start":{"line":59,"column":8},"end":{"line":59,"column":null}},"11":{"start":{"line":61,"column":6},"end":{"line":61,"column":null}},"12":{"start":{"line":63,"column":4},"end":{"line":63,"column":null}},"13":{"start":{"line":65,"column":4},"end":{"line":67,"column":null}},"14":{"start":{"line":68,"column":4},"end":{"line":68,"column":null}},"15":{"start":{"line":75,"column":2},"end":{"line":86,"column":null}},"16":{"start":{"line":76,"column":20},"end":{"line":76,"column":null}},"17":{"start":{"line":77,"column":19},"end":{"line":77,"column":null}},"18":{"start":{"line":78,"column":20},"end":{"line":78,"column":null}},"19":{"start":{"line":79,"column":4},"end":{"line":79,"column":null}},"20":{"start":{"line":80,"column":4},"end":{"line":80,"column":null}},"21":{"start":{"line":82,"column":4},"end":{"line":84,"column":null}},"22":{"start":{"line":85,"column":4},"end":{"line":85,"column":null}}},"fnMap":{"0":{"name":"getSettings","decl":{"start":{"line":49,"column":22},"end":{"line":49,"column":58}},"loc":{"start":{"line":49,"column":58},"end":{"line":70,"column":null}},"line":49},"1":{"name":"saveSettings","decl":{"start":{"line":72,"column":22},"end":{"line":72,"column":null}},"loc":{"start":{"line":74,"column":24},"end":{"line":87,"column":null}},"line":74}},"branchMap":{"0":{"loc":{"start":{"line":52,"column":4},"end":{"line":62,"column":null}},"type":"if","locations":[{"start":{"line":52,"column":4},"end":{"line":62,"column":null}},{"start":{},"end":{}}],"line":52},"1":{"loc":{"start":{"line":54,"column":6},"end":{"line":60,"column":null}},"type":"if","locations":[{"start":{"line":54,"column":6},"end":{"line":60,"column":null}},{"start":{},"end":{}}],"line":54},"2":{"loc":{"start":{"line":66,"column":13},"end":{"line":66,"column":null}},"type":"cond-expr","locations":[{"start":{"line":66,"column":36},"end":{"line":66,"column":50}},{"start":{"line":66,"column":50},"end":{"line":66,"column":null}}],"line":66},"3":{"loc":{"start":{"line":83,"column":13},"end":{"line":83,"column":null}},"type":"cond-expr","locations":[{"start":{"line":83,"column":36},"end":{"line":83,"column":50}},{"start":{"line":83,"column":50},"end":{"line":83,"column":null}}],"line":83}},"s":{"0":1,"1":1,"2":1,"3":1,"4":0,"5":0,"6":0,"7":0,"8":0,"9":0,"10":0,"11":0,"12":0,"13":0,"14":0,"15":0,"16":0,"17":0,"18":0,"19":0,"20":0,"21":0,"22":0},"f":{"0":0,"1":0},"b":{"0":[0,0],"1":[0,0],"2":[0,0],"3":[0,0]},"meta":{"lastBranch":4,"lastFunction":2,"lastStatement":23,"seen":{"s:19:45:28:Infinity":0,"s:30:21:30:Infinity":1,"s:32:23:43:Infinity":2,"s:46:35:46:Infinity":3,"f:49:22:49:58":0,"s:50:2:69:Infinity":4,"s:51:17:51:Infinity":5,"b:52:4:62:Infinity:undefined:undefined:undefined:undefined":0,"s:52:4:62:Infinity":6,"s:53:21:53:Infinity":7,"b:54:6:60:Infinity:undefined:undefined:undefined:undefined":1,"s:54:6:60:Infinity":8,"s:55:8:58:Infinity":9,"s:59:8:59:Infinity":10,"s:61:6:61:Infinity":11,"s:63:4:63:Infinity":12,"s:65:4:67:Infinity":13,"b:66:36:66:50:66:50:66:Infinity":2,"s:68:4:68:Infinity":14,"f:72:22:72:Infinity":1,"s:75:2:86:Infinity":15,"s:76:20:76:Infinity":16,"s:77:19:77:Infinity":17,"s:78:20:78:Infinity":18,"s:79:4:79:Infinity":19,"s:80:4:80:Infinity":20,"s:82:4:84:Infinity":21,"b:83:36:83:50:83:50:83:Infinity":3,"s:85:4:85:Infinity":22},"fnNames":{}}}
}
